#0 building with "desktop-linux" instance using docker driver

#1 [internal] load build definition from Dockerfile
#1 transferring dockerfile: 2.25kB done
#1 DONE 0.0s

#2 [internal] load metadata for docker.io/library/node:20-alpine
#2 DONE 0.4s

#3 [internal] load .dockerignore
#3 transferring context: 1.06kB done
#3 DONE 0.0s

#4 [deps 1/6] FROM docker.io/library/node:20-alpine@sha256:09e2b3d9726018aecf269bd35325f46bf75046a643a66d28360ec71132750ec8
#4 resolve docker.io/library/node:20-alpine@sha256:09e2b3d9726018aecf269bd35325f46bf75046a643a66d28360ec71132750ec8 0.0s done
#4 CACHED

#5 [builder 2/5] WORKDIR /app
#5 CACHED

#6 [internal] load build context
#6 transferring context: 31.25kB 0.1s done
#6 DONE 0.1s

#7 [deps 2/6] RUN apk add --no-cache libc6-compat
#7 ...

#8 [runner  3/11] RUN addgroup --system --gid 1001 nodejs &&     adduser --system --uid 1001 nextjs
#8 DONE 0.3s

#7 [deps 2/6] RUN apk add --no-cache libc6-compat
#7 1.151 (1/3) Installing musl-obstack (1.2.3-r2)
#7 1.182 (2/3) Installing libucontext (1.3.3-r0)
#7 1.226 (3/3) Installing gcompat (1.1.0-r4)
#7 1.260 OK: 11.0 MiB in 21 packages
#7 DONE 1.3s

#9 [deps 3/6] WORKDIR /app
#9 DONE 0.0s

#10 [deps 4/6] COPY package*.json ./
#10 DONE 0.0s

#11 [deps 5/6] RUN mkdir -p prisma &&     if [ -d ./prisma ]; then         cp -r ./prisma/. ./prisma/ || echo "No prisma files to copy";     fi
#11 0.291 cp: './prisma/.' and './prisma/.' are the same file
#11 0.291 No prisma files to copy
#11 DONE 0.3s

#12 [deps 6/6] RUN npm ci
#12 2.683 npm warn deprecated npmlog@5.0.1: This package is no longer supported.
#12 3.246 npm warn deprecated @npmcli/move-file@1.1.2: This functionality has been moved to @npmcli/fs
#12 3.247 npm warn deprecated are-we-there-yet@2.0.0: This package is no longer supported.
#12 3.277 npm warn deprecated gauge@3.0.2: This package is no longer supported.
#12 3.338 npm warn deprecated are-we-there-yet@3.0.1: This package is no longer supported.
#12 3.350 npm warn deprecated npmlog@6.0.2: This package is no longer supported.
#12 3.431 npm warn deprecated tar@6.2.1: Old versions of tar are not supported, and contain widely publicized security vulnerabilities, which have been fixed in the current version. Please update. Support for old versions may be purchased (at exhorbitant rates) by contacting i@izs.me
#12 3.470 npm warn deprecated gauge@4.0.4: This package is no longer supported.
