[2025-12-03T16:58:40.562Z] Starting analysis of NASB1995 source file...
[2025-12-03T16:58:40.581Z] Processed 1000 lines...
[2025-12-03T16:58:40.590Z] Processed 2000 lines...
[2025-12-03T16:58:40.599Z] Processed 3000 lines...
[2025-12-03T16:58:40.608Z] Processed 4000 lines...
[2025-12-03T16:58:40.616Z] Processed 5000 lines...
[2025-12-03T16:58:40.623Z] Processed 6000 lines...
[2025-12-03T16:58:40.628Z] Processed 7000 lines...
[2025-12-03T16:58:40.632Z] Processed 8000 lines...
[2025-12-03T16:58:40.637Z] Processed 9000 lines...
[2025-12-03T16:58:40.640Z] Processed 10000 lines...
[2025-12-03T16:58:40.644Z] Processed 11000 lines...
[2025-12-03T16:58:40.647Z] Processed 12000 lines...
[2025-12-03T16:58:40.651Z] Processed 13000 lines...
[2025-12-03T16:58:40.655Z] Processed 14000 lines...
[2025-12-03T16:58:40.659Z] Processed 15000 lines...
[2025-12-03T16:58:40.664Z] Processed 16000 lines...
[2025-12-03T16:58:40.668Z] Processed 17000 lines...
[2025-12-03T16:58:40.671Z] Processed 18000 lines...
[2025-12-03T16:58:40.674Z] Processed 19000 lines...
[2025-12-03T16:58:40.677Z] Processed 20000 lines...
[2025-12-03T16:58:40.681Z] Processed 21000 lines...
[2025-12-03T16:58:40.684Z] Processed 22000 lines...
[2025-12-03T16:58:40.687Z] Processed 23000 lines...
[2025-12-03T16:58:40.692Z] Processed 24000 lines...
[2025-12-03T16:58:40.694Z] Processed 25000 lines...
[2025-12-03T16:58:40.700Z] Processed 26000 lines...
[2025-12-03T16:58:40.703Z] Processed 27000 lines...
[2025-12-03T16:58:40.706Z] Processed 28000 lines...
[2025-12-03T16:58:40.710Z] Processed 29000 lines...
[2025-12-03T16:58:40.714Z] Processed 30000 lines...
[2025-12-03T16:58:40.718Z] Processed 31000 lines...
[2025-12-03T16:58:40.722Z] Processed 32000 lines...
[2025-12-03T16:58:40.728Z] Analysis complete! Report saved to: C:\WindSurf\ohbc_website\scripts\nasb-source-analysis.txt
[2025-12-03T16:58:40.728Z] Summary of findings:
[2025-12-03T16:58:40.728Z] - Total lines: 32471
[2025-12-03T16:58:40.728Z] - Verse lines: 12848
[2025-12-03T16:58:40.728Z] - Wrapped lines: 14
[2025-12-03T16:58:40.728Z] - Books found: 65 of 66
