[2025-12-03T15:56:50.419Z] Starting NASB1995 cleanup (v3)...
[2025-12-03T15:56:50.426Z] Reading input file: C:\WindSurf\ohbc_website\scripts\NASB1995.txt
[2025-12-03T15:56:50.439Z] Starting Bible text cleanup...
[2025-12-03T15:56:50.446Z] Found book: GENESIS
[2025-12-03T15:56:50.447Z] Found chapter: 1
[2025-12-03T15:56:50.448Z] Found chapter: 2
[2025-12-03T15:56:50.448Z] Found chapter: 3
[2025-12-03T15:56:50.449Z] Found chapter: 4
[2025-12-03T15:56:50.449Z] Found chapter: 5
[2025-12-03T15:56:50.450Z] Found chapter: 6
[2025-12-03T15:56:50.450Z] Found chapter: 7
[2025-12-03T15:56:50.450Z] Found chapter: 8
[2025-12-03T15:56:50.451Z] Found chapter: 9
[2025-12-03T15:56:50.451Z] Found chapter: 10
[2025-12-03T15:56:50.452Z] Found chapter: 11
[2025-12-03T15:56:50.452Z] Found chapter: 12
[2025-12-03T15:56:50.452Z] Found chapter: 13
[2025-12-03T15:56:50.453Z] Found chapter: 14
[2025-12-03T15:56:50.453Z] Found chapter: 15
[2025-12-03T15:56:50.453Z] Found chapter: 16
[2025-12-03T15:56:50.454Z] Found chapter: 17
[2025-12-03T15:56:50.454Z] Found chapter: 18
[2025-12-03T15:56:50.454Z] Found chapter: 19
[2025-12-03T15:56:50.455Z] Found chapter: 20
[2025-12-03T15:56:50.455Z] Found chapter: 21
[2025-12-03T15:56:50.455Z] Found chapter: 22
[2025-12-03T15:56:50.456Z] Found chapter: 23
[2025-12-03T15:56:50.456Z] Found chapter: 24
[2025-12-03T15:56:50.456Z] Found chapter: 25
[2025-12-03T15:56:50.457Z] Found chapter: 26
[2025-12-03T15:56:50.457Z] Found chapter: 27
[2025-12-03T15:56:50.457Z] Found chapter: 28
[2025-12-03T15:56:50.458Z] Found chapter: 29
[2025-12-03T15:56:50.458Z] Found chapter: 30
[2025-12-03T15:56:50.459Z] Found chapter: 31
[2025-12-03T15:56:50.459Z] Found chapter: 32
[2025-12-03T15:56:50.459Z] Found chapter: 33
[2025-12-03T15:56:50.460Z] Found chapter: 34
[2025-12-03T15:56:50.460Z] Found chapter: 35
[2025-12-03T15:56:50.461Z] Found chapter: 36
[2025-12-03T15:56:50.461Z] Found chapter: 37
[2025-12-03T15:56:50.461Z] Found chapter: 38
[2025-12-03T15:56:50.462Z] Found chapter: 39
[2025-12-03T15:56:50.462Z] Found chapter: 40
[2025-12-03T15:56:50.462Z] Found chapter: 41
[2025-12-03T15:56:50.463Z] Found chapter: 42
[2025-12-03T15:56:50.463Z] Found chapter: 43
[2025-12-03T15:56:50.464Z] Found chapter: 44
[2025-12-03T15:56:50.464Z] Found chapter: 45
[2025-12-03T15:56:50.464Z] Found chapter: 46
[2025-12-03T15:56:50.465Z] Found chapter: 47
[2025-12-03T15:56:50.465Z] Found chapter: 48
[2025-12-03T15:56:50.465Z] Found chapter: 49
[2025-12-03T15:56:50.466Z] Found chapter: 50
[2025-12-03T15:56:50.466Z] Found book: End of GENESIS
[2025-12-03T15:56:50.466Z] Found book: EXODUS
[2025-12-03T15:56:50.467Z] Found chapter: 1
[2025-12-03T15:56:50.467Z] Found chapter: 2
[2025-12-03T15:56:50.467Z] Found chapter: 3
[2025-12-03T15:56:50.468Z] Found chapter: 4
[2025-12-03T15:56:50.468Z] Found chapter: 5
[2025-12-03T15:56:50.468Z] Found chapter: 6
[2025-12-03T15:56:50.469Z] Found chapter: 7
[2025-12-03T15:56:50.469Z] Found chapter: 8
[2025-12-03T15:56:50.469Z] Found chapter: 9
[2025-12-03T15:56:50.470Z] Found chapter: 10
[2025-12-03T15:56:50.470Z] Found chapter: 11
[2025-12-03T15:56:50.470Z] Found chapter: 12
[2025-12-03T15:56:50.471Z] Found chapter: 13
[2025-12-03T15:56:50.471Z] Found chapter: 14
[2025-12-03T15:56:50.471Z] Found chapter: 15
[2025-12-03T15:56:50.472Z] Found chapter: 16
[2025-12-03T15:56:50.472Z] Found chapter: 17
[2025-12-03T15:56:50.473Z] Found chapter: 18
[2025-12-03T15:56:50.473Z] Found chapter: 19
[2025-12-03T15:56:50.473Z] Found chapter: 20
[2025-12-03T15:56:50.473Z] Found chapter: 21
[2025-12-03T15:56:50.474Z] Found chapter: 22
[2025-12-03T15:56:50.474Z] Found chapter: 23
[2025-12-03T15:56:50.474Z] Found chapter: 24
[2025-12-03T15:56:50.475Z] Found chapter: 25
[2025-12-03T15:56:50.475Z] Found chapter: 26
[2025-12-03T15:56:50.475Z] Found chapter: 27
[2025-12-03T15:56:50.475Z] Found chapter: 27
[2025-12-03T15:56:50.476Z] Found chapter: 28
[2025-12-03T15:56:50.476Z] Found chapter: 29
[2025-12-03T15:56:50.477Z] Found chapter: 30
[2025-12-03T15:56:50.478Z] Found chapter: 31
[2025-12-03T15:56:50.478Z] Found chapter: 32
[2025-12-03T15:56:50.478Z] Found chapter: 33
[2025-12-03T15:56:50.479Z] Found chapter: 34
[2025-12-03T15:56:50.479Z] Found chapter: 35
[2025-12-03T15:56:50.479Z] Found chapter: 36
[2025-12-03T15:56:50.480Z] Found chapter: 37
[2025-12-03T15:56:50.480Z] Found chapter: 38
[2025-12-03T15:56:50.480Z] Found chapter: 39
[2025-12-03T15:56:50.481Z] Found chapter: 40
[2025-12-03T15:56:50.481Z] Found book: End of EXODUS
[2025-12-03T15:56:50.481Z] Found book: LEVITICUS
[2025-12-03T15:56:50.481Z] Found chapter: 1
[2025-12-03T15:56:50.482Z] Found chapter: 2
[2025-12-03T15:56:50.482Z] Found chapter: 3
[2025-12-03T15:56:50.482Z] Found chapter: 4
[2025-12-03T15:56:50.482Z] Found chapter: 5
[2025-12-03T15:56:50.483Z] Found chapter: 6
[2025-12-03T15:56:50.483Z] Found chapter: 7
[2025-12-03T15:56:50.484Z] Found chapter: 8
[2025-12-03T15:56:50.484Z] Found chapter: 9
[2025-12-03T15:56:50.484Z] Found chapter: 10
[2025-12-03T15:56:50.485Z] Found chapter: 11
[2025-12-03T15:56:50.485Z] Found chapter: 12
[2025-12-03T15:56:50.485Z] Found chapter: 13
[2025-12-03T15:56:50.486Z] Found chapter: 14
[2025-12-03T15:56:50.486Z] Found chapter: 15
[2025-12-03T15:56:50.486Z] Found chapter: 16
[2025-12-03T15:56:50.487Z] Found chapter: 17
[2025-12-03T15:56:50.487Z] Found chapter: 18
[2025-12-03T15:56:50.487Z] Found chapter: 19
[2025-12-03T15:56:50.488Z] Found chapter: 20
[2025-12-03T15:56:50.488Z] Found chapter: 21
[2025-12-03T15:56:50.488Z] Found chapter: 22
[2025-12-03T15:56:50.489Z] Found chapter: 23
[2025-12-03T15:56:50.489Z] Found chapter: 24
[2025-12-03T15:56:50.489Z] Found chapter: 25
[2025-12-03T15:56:50.490Z] Found chapter: 26
[2025-12-03T15:56:50.490Z] Found chapter: 27
[2025-12-03T15:56:50.490Z] Found book: End of LEVITICUS
[2025-12-03T15:56:50.491Z] Found book: NUMBERS
[2025-12-03T15:56:50.491Z] Found chapter: 1
[2025-12-03T15:56:50.491Z] Found chapter: 2
[2025-12-03T15:56:50.492Z] Found chapter: 3
[2025-12-03T15:56:50.492Z] Found chapter: 4
[2025-12-03T15:56:50.492Z] Found chapter: 5
[2025-12-03T15:56:50.493Z] Found chapter: 6
[2025-12-03T15:56:50.493Z] Found chapter: 7
[2025-12-03T15:56:50.493Z] Found chapter: 8
[2025-12-03T15:56:50.494Z] Found chapter: 9
[2025-12-03T15:56:50.494Z] Found chapter: 10
[2025-12-03T15:56:50.494Z] Found chapter: 11
[2025-12-03T15:56:50.495Z] Found chapter: 12
[2025-12-03T15:56:50.495Z] Found chapter: 13
[2025-12-03T15:56:50.495Z] Found chapter: 14
[2025-12-03T15:56:50.496Z] Found chapter: 15
[2025-12-03T15:56:50.496Z] Found chapter: 16
[2025-12-03T15:56:50.496Z] Found chapter: 17
[2025-12-03T15:56:50.497Z] Found chapter: 18
[2025-12-03T15:56:50.497Z] Found chapter: 19
[2025-12-03T15:56:50.497Z] Found chapter: 20
[2025-12-03T15:56:50.498Z] Found chapter: 21
[2025-12-03T15:56:50.498Z] Found chapter: 22
[2025-12-03T15:56:50.498Z] Found chapter: 23
[2025-12-03T15:56:50.499Z] Found chapter: 24
[2025-12-03T15:56:50.499Z] Found chapter: 25
[2025-12-03T15:56:50.500Z] Found chapter: 26
[2025-12-03T15:56:50.500Z] Found chapter: 27
[2025-12-03T15:56:50.500Z] Found chapter: 28
[2025-12-03T15:56:50.501Z] Found chapter: 29
[2025-12-03T15:56:50.501Z] Found chapter: 30
[2025-12-03T15:56:50.501Z] Found chapter: 31
[2025-12-03T15:56:50.502Z] Found chapter: 32
[2025-12-03T15:56:50.502Z] Found chapter: 33
[2025-12-03T15:56:50.502Z] Found chapter: 34
[2025-12-03T15:56:50.503Z] Found chapter: 35
[2025-12-03T15:56:50.503Z] Found chapter: 36
[2025-12-03T15:56:50.503Z] Found book: End of NUMBERS
[2025-12-03T15:56:50.504Z] Found book: DEUTERONOMY
[2025-12-03T15:56:50.504Z] Found chapter: 1
[2025-12-03T15:56:50.504Z] Found chapter: 2
[2025-12-03T15:56:50.505Z] Found chapter: 3
[2025-12-03T15:56:50.505Z] Found chapter: 4
[2025-12-03T15:56:50.505Z] Found chapter: 5
[2025-12-03T15:56:50.506Z] Found chapter: 6
[2025-12-03T15:56:50.506Z] Found chapter: 7
[2025-12-03T15:56:50.506Z] Found chapter: 8
[2025-12-03T15:56:50.507Z] Found chapter: 9
[2025-12-03T15:56:50.507Z] Found chapter: 10
[2025-12-03T15:56:50.507Z] Found chapter: 11
[2025-12-03T15:56:50.508Z] Found chapter: 12
[2025-12-03T15:56:50.509Z] Found chapter: 13
[2025-12-03T15:56:50.509Z] Found chapter: 14
[2025-12-03T15:56:50.510Z] Found chapter: 15
[2025-12-03T15:56:50.510Z] Found chapter: 16
[2025-12-03T15:56:50.510Z] Found chapter: 17
[2025-12-03T15:56:50.511Z] Found chapter: 18
[2025-12-03T15:56:50.511Z] Found chapter: 19
[2025-12-03T15:56:50.511Z] Found chapter: 20
[2025-12-03T15:56:50.511Z] Found chapter: 21
[2025-12-03T15:56:50.512Z] Found chapter: 22
[2025-12-03T15:56:50.512Z] Found chapter: 23
[2025-12-03T15:56:50.513Z] Found chapter: 24
[2025-12-03T15:56:50.513Z] Found chapter: 25
[2025-12-03T15:56:50.513Z] Found chapter: 26
[2025-12-03T15:56:50.514Z] Found chapter: 27
[2025-12-03T15:56:50.514Z] Found chapter: 28
[2025-12-03T15:56:50.514Z] Found chapter: 29
[2025-12-03T15:56:50.515Z] Found chapter: 30
[2025-12-03T15:56:50.515Z] Found chapter: 31
[2025-12-03T15:56:50.515Z] Found chapter: 32
[2025-12-03T15:56:50.516Z] Found chapter: 33
[2025-12-03T15:56:50.516Z] Found chapter: 34
[2025-12-03T15:56:50.516Z] Found book: End of DEUTERONOMY
[2025-12-03T15:56:50.517Z] Found book: JOSHUA
[2025-12-03T15:56:50.517Z] Found chapter: 1
[2025-12-03T15:56:50.517Z] Found chapter: 2
[2025-12-03T15:56:50.518Z] Found chapter: 3
[2025-12-03T15:56:50.518Z] Found chapter: 4
[2025-12-03T15:56:50.519Z] Found chapter: 5
[2025-12-03T15:56:50.519Z] Found chapter: 6
[2025-12-03T15:56:50.519Z] Found chapter: 7
[2025-12-03T15:56:50.520Z] Found chapter: 8
[2025-12-03T15:56:50.520Z] Found chapter: 9
[2025-12-03T15:56:50.520Z] Found chapter: 10
[2025-12-03T15:56:50.521Z] Found chapter: 11
[2025-12-03T15:56:50.521Z] Found chapter: 12
[2025-12-03T15:56:50.521Z] Found chapter: 13
[2025-12-03T15:56:50.522Z] Found chapter: 14
[2025-12-03T15:56:50.522Z] Found chapter: 15
[2025-12-03T15:56:50.522Z] Found chapter: 16
[2025-12-03T15:56:50.523Z] Found chapter: 17
[2025-12-03T15:56:50.523Z] Found chapter: 18
[2025-12-03T15:56:50.523Z] Found chapter: 19
[2025-12-03T15:56:50.523Z] Found chapter: 20
[2025-12-03T15:56:50.524Z] Found chapter: 21
[2025-12-03T15:56:50.524Z] Found chapter: 22
[2025-12-03T15:56:50.524Z] Found chapter: 23
[2025-12-03T15:56:50.525Z] Found chapter: 24
[2025-12-03T15:56:50.525Z] Found book: End of JOSHUA
[2025-12-03T15:56:50.525Z] Found book: JUDGES
[2025-12-03T15:56:50.525Z] Found chapter: 1
[2025-12-03T15:56:50.526Z] Found chapter: 2
[2025-12-03T15:56:50.526Z] Found chapter: 3
[2025-12-03T15:56:50.526Z] Found chapter: 4
[2025-12-03T15:56:50.527Z] Found chapter: 5
[2025-12-03T15:56:50.527Z] Found chapter: 6
[2025-12-03T15:56:50.527Z] Found chapter: 7
[2025-12-03T15:56:50.528Z] Found chapter: 8
[2025-12-03T15:56:50.528Z] Found chapter: 9
[2025-12-03T15:56:50.528Z] Found chapter: 10
[2025-12-03T15:56:50.529Z] Found chapter: 11
[2025-12-03T15:56:50.529Z] Found chapter: 12
[2025-12-03T15:56:50.529Z] Found chapter: 13
[2025-12-03T15:56:50.529Z] Found chapter: 14
[2025-12-03T15:56:50.530Z] Found chapter: 15
[2025-12-03T15:56:50.530Z] Found chapter: 16
[2025-12-03T15:56:50.530Z] Found chapter: 17
[2025-12-03T15:56:50.531Z] Found chapter: 18
[2025-12-03T15:56:50.531Z] Found chapter: 19
[2025-12-03T15:56:50.531Z] Found chapter: 20
[2025-12-03T15:56:50.532Z] Found chapter: 21
[2025-12-03T15:56:50.532Z] Found book: End of JUDGES
[2025-12-03T15:56:50.532Z] Found book: RUTH
[2025-12-03T15:56:50.533Z] Found chapter: 1
[2025-12-03T15:56:50.533Z] Found chapter: 2
[2025-12-03T15:56:50.533Z] Found chapter: 3
[2025-12-03T15:56:50.534Z] Found chapter: 4
[2025-12-03T15:56:50.534Z] Found book: End of RUTH
[2025-12-03T15:56:50.534Z] Found book: 1 SAMUEL
[2025-12-03T15:56:50.534Z] Found chapter: 1
[2025-12-03T15:56:50.535Z] Found chapter: 2
[2025-12-03T15:56:50.535Z] Found chapter: 3
[2025-12-03T15:56:50.535Z] Found chapter: 4
[2025-12-03T15:56:50.536Z] Found chapter: 5
[2025-12-03T15:56:50.536Z] Found chapter: 6
[2025-12-03T15:56:50.536Z] Found chapter: 7
[2025-12-03T15:56:50.537Z] Found chapter: 8
[2025-12-03T15:56:50.537Z] Found chapter: 9
[2025-12-03T15:56:50.537Z] Found chapter: 10
[2025-12-03T15:56:50.537Z] Found chapter: 11
[2025-12-03T15:56:50.538Z] Found chapter: 12
[2025-12-03T15:56:50.538Z] Found chapter: 13
[2025-12-03T15:56:50.538Z] Found chapter: 14
[2025-12-03T15:56:50.539Z] Found chapter: 15
[2025-12-03T15:56:50.539Z] Found chapter: 16
[2025-12-03T15:56:50.539Z] Found chapter: 17
[2025-12-03T15:56:50.540Z] Found chapter: 18
[2025-12-03T15:56:50.540Z] Found chapter: 19
[2025-12-03T15:56:50.540Z] Found chapter: 20
[2025-12-03T15:56:50.541Z] Found chapter: 21
[2025-12-03T15:56:50.541Z] Found chapter: 22
[2025-12-03T15:56:50.541Z] Found chapter: 23
[2025-12-03T15:56:50.541Z] Found chapter: 24
[2025-12-03T15:56:50.542Z] Found chapter: 25
[2025-12-03T15:56:50.542Z] Found chapter: 26
[2025-12-03T15:56:50.542Z] Found chapter: 27
[2025-12-03T15:56:50.543Z] Found chapter: 28
[2025-12-03T15:56:50.543Z] Found chapter: 29
[2025-12-03T15:56:50.543Z] Found chapter: 30
[2025-12-03T15:56:50.543Z] Found chapter: 31
[2025-12-03T15:56:50.544Z] Found book: End of 1 SAMUEL
[2025-12-03T15:56:50.544Z] Found book: 2 SAMUEL
[2025-12-03T15:56:50.544Z] Found chapter: 1
[2025-12-03T15:56:50.545Z] Found chapter: 2
[2025-12-03T15:56:50.545Z] Found chapter: 3
[2025-12-03T15:56:50.545Z] Found chapter: 4
[2025-12-03T15:56:50.546Z] Found chapter: 5
[2025-12-03T15:56:50.546Z] Found chapter: 6
[2025-12-03T15:56:50.547Z] Found chapter: 7
[2025-12-03T15:56:50.547Z] Found chapter: 8
[2025-12-03T15:56:50.547Z] Found chapter: 9
[2025-12-03T15:56:50.548Z] Found chapter: 10
[2025-12-03T15:56:50.548Z] Found chapter: 11
[2025-12-03T15:56:50.548Z] Found chapter: 12
[2025-12-03T15:56:50.549Z] Found chapter: 13
[2025-12-03T15:56:50.549Z] Found chapter: 14
[2025-12-03T15:56:50.550Z] Found chapter: 15
[2025-12-03T15:56:50.550Z] Found chapter: 16
[2025-12-03T15:56:50.550Z] Found chapter: 17
[2025-12-03T15:56:50.551Z] Found chapter: 18
[2025-12-03T15:56:50.551Z] Found chapter: 19
[2025-12-03T15:56:50.551Z] Found chapter: 20
[2025-12-03T15:56:50.552Z] Found chapter: 21
[2025-12-03T15:56:50.552Z] Found chapter: 22
[2025-12-03T15:56:50.552Z] Found chapter: 23
[2025-12-03T15:56:50.553Z] Found chapter: 24
[2025-12-03T15:56:50.553Z] Found book: End of 2 SAMUEL
[2025-12-03T15:56:50.553Z] Found book: 1 KINGS
[2025-12-03T15:56:50.554Z] Found chapter: 1
[2025-12-03T15:56:50.554Z] Found chapter: 2
[2025-12-03T15:56:50.554Z] Found chapter: 3
[2025-12-03T15:56:50.555Z] Found chapter: 4
[2025-12-03T15:56:50.555Z] Found chapter: 5
[2025-12-03T15:56:50.555Z] Found chapter: 6
[2025-12-03T15:56:50.556Z] Found chapter: 7
[2025-12-03T15:56:50.556Z] Found chapter: 8
[2025-12-03T15:56:50.556Z] Found chapter: 9
[2025-12-03T15:56:50.557Z] Found chapter: 10
[2025-12-03T15:56:50.557Z] Found chapter: 11
[2025-12-03T15:56:50.557Z] Found chapter: 12
[2025-12-03T15:56:50.558Z] Found chapter: 13
[2025-12-03T15:56:50.558Z] Found chapter: 14
[2025-12-03T15:56:50.558Z] Found chapter: 15
[2025-12-03T15:56:50.558Z] Found chapter: 16
[2025-12-03T15:56:50.559Z] Found chapter: 17
[2025-12-03T15:56:50.559Z] Found chapter: 18
[2025-12-03T15:56:50.559Z] Found chapter: 19
[2025-12-03T15:56:50.560Z] Found chapter: 20
[2025-12-03T15:56:50.560Z] Found chapter: 21
[2025-12-03T15:56:50.560Z] Found chapter: 22
[2025-12-03T15:56:50.561Z] Found book: End of 1 KINGS
[2025-12-03T15:56:50.561Z] Found book: 2 KINGS
[2025-12-03T15:56:50.562Z] Found chapter: 1
[2025-12-03T15:56:50.562Z] Found chapter: 2
[2025-12-03T15:56:50.562Z] Found chapter: 3
[2025-12-03T15:56:50.563Z] Found chapter: 4
[2025-12-03T15:56:50.563Z] Found chapter: 5
[2025-12-03T15:56:50.563Z] Found chapter: 6
[2025-12-03T15:56:50.564Z] Found chapter: 7
[2025-12-03T15:56:50.564Z] Found chapter: 8
[2025-12-03T15:56:50.564Z] Found chapter: 9
[2025-12-03T15:56:50.565Z] Found chapter: 10
[2025-12-03T15:56:50.565Z] Found chapter: 11
[2025-12-03T15:56:50.565Z] Found chapter: 12
[2025-12-03T15:56:50.566Z] Found chapter: 13
[2025-12-03T15:56:50.566Z] Found chapter: 14
[2025-12-03T15:56:50.567Z] Found chapter: 15
[2025-12-03T15:56:50.567Z] Found chapter: 16
[2025-12-03T15:56:50.567Z] Found chapter: 17
[2025-12-03T15:56:50.568Z] Found chapter: 18
[2025-12-03T15:56:50.568Z] Found chapter: 19
[2025-12-03T15:56:50.568Z] Found chapter: 20
[2025-12-03T15:56:50.569Z] Found chapter: 21
[2025-12-03T15:56:50.569Z] Found chapter: 22
[2025-12-03T15:56:50.569Z] Found chapter: 23
[2025-12-03T15:56:50.570Z] Found chapter: 24
[2025-12-03T15:56:50.570Z] Found chapter: 25
[2025-12-03T15:56:50.570Z] Found book: nd of 2 KINGS
[2025-12-03T15:56:50.571Z] Found book: 1 CHRONICLES
[2025-12-03T15:56:50.571Z] Found chapter: 1
[2025-12-03T15:56:50.571Z] Found chapter: 2
[2025-12-03T15:56:50.572Z] Found chapter: 3
[2025-12-03T15:56:50.572Z] Found chapter: 4
[2025-12-03T15:56:50.572Z] Found chapter: 5
[2025-12-03T15:56:50.573Z] Found chapter: 6
[2025-12-03T15:56:50.573Z] Found chapter: 7
[2025-12-03T15:56:50.573Z] Found chapter: 8
[2025-12-03T15:56:50.573Z] Found chapter: 9
[2025-12-03T15:56:50.574Z] Found chapter: 10
[2025-12-03T15:56:50.574Z] Found chapter: 11
[2025-12-03T15:56:50.575Z] Found chapter: 12
[2025-12-03T15:56:50.575Z] Found chapter: 13
[2025-12-03T15:56:50.575Z] Found chapter: 14
[2025-12-03T15:56:50.576Z] Found chapter: 15
[2025-12-03T15:56:50.576Z] Found chapter: 16
[2025-12-03T15:56:50.576Z] Found chapter: 17
[2025-12-03T15:56:50.577Z] Found chapter: 18
[2025-12-03T15:56:50.577Z] Found chapter: 19
[2025-12-03T15:56:50.577Z] Found chapter: 20
[2025-12-03T15:56:50.578Z] Found chapter: 21
[2025-12-03T15:56:50.578Z] Found chapter: 22
[2025-12-03T15:56:50.578Z] Found chapter: 23
[2025-12-03T15:56:50.579Z] Found chapter: 24
[2025-12-03T15:56:50.579Z] Found chapter: 25
[2025-12-03T15:56:50.579Z] Found chapter: 26
[2025-12-03T15:56:50.580Z] Found chapter: 27
[2025-12-03T15:56:50.580Z] Found chapter: 28
[2025-12-03T15:56:50.581Z] Found chapter: 29
[2025-12-03T15:56:50.581Z] Found book: End of 1 CHRONICLES
[2025-12-03T15:56:50.581Z] Found book: 2 CHRONICLES
[2025-12-03T15:56:50.581Z] Found chapter: 1
[2025-12-03T15:56:50.582Z] Found chapter: 2
[2025-12-03T15:56:50.582Z] Found chapter: 3
[2025-12-03T15:56:50.582Z] Found chapter: 4
[2025-12-03T15:56:50.583Z] Found chapter: 5
[2025-12-03T15:56:50.583Z] Found chapter: 6
[2025-12-03T15:56:50.583Z] Found chapter: 7
[2025-12-03T15:56:50.584Z] Found chapter: 8
[2025-12-03T15:56:50.584Z] Found chapter: 9
[2025-12-03T15:56:50.584Z] Found chapter: 10
[2025-12-03T15:56:50.585Z] Found chapter: 11
[2025-12-03T15:56:50.585Z] Found chapter: 12
[2025-12-03T15:56:50.585Z] Found chapter: 13
[2025-12-03T15:56:50.585Z] Found chapter: 14
[2025-12-03T15:56:50.586Z] Found chapter: 15
[2025-12-03T15:56:50.586Z] Found chapter: 16
[2025-12-03T15:56:50.586Z] Found chapter: 17
[2025-12-03T15:56:50.587Z] Found chapter: 18
[2025-12-03T15:56:50.587Z] Found chapter: 19
[2025-12-03T15:56:50.587Z] Found chapter: 20
[2025-12-03T15:56:50.588Z] Found chapter: 21
[2025-12-03T15:56:50.588Z] Found chapter: 22
[2025-12-03T15:56:50.588Z] Found chapter: 23
[2025-12-03T15:56:50.589Z] Found chapter: 24
[2025-12-03T15:56:50.589Z] Found chapter: 25
[2025-12-03T15:56:50.589Z] Found chapter: 26
[2025-12-03T15:56:50.590Z] Found chapter: 27
[2025-12-03T15:56:50.590Z] Found chapter: 28
[2025-12-03T15:56:50.590Z] Found chapter: 29
[2025-12-03T15:56:50.590Z] Found chapter: 30
[2025-12-03T15:56:50.591Z] Found chapter: 31
[2025-12-03T15:56:50.591Z] Found chapter: 32
[2025-12-03T15:56:50.591Z] Found chapter: 33
[2025-12-03T15:56:50.592Z] Found chapter: 34
[2025-12-03T15:56:50.592Z] Found chapter: 35
[2025-12-03T15:56:50.592Z] Found chapter: 36
[2025-12-03T15:56:50.593Z] Found book: End of 2 CHRONICLES
[2025-12-03T15:56:50.593Z] Found book: EZRA
[2025-12-03T15:56:50.593Z] Found chapter: 1
[2025-12-03T15:56:50.593Z] Found chapter: 2
[2025-12-03T15:56:50.595Z] Found chapter: 3
[2025-12-03T15:56:50.595Z] Found chapter: 4
[2025-12-03T15:56:50.595Z] Found chapter: 5
[2025-12-03T15:56:50.596Z] Found chapter: 6
[2025-12-03T15:56:50.596Z] Found chapter: 7
[2025-12-03T15:56:50.596Z] Found chapter: 8
[2025-12-03T15:56:50.597Z] Found chapter: 9
[2025-12-03T15:56:50.597Z] Found chapter: 10
[2025-12-03T15:56:50.597Z] Found book: Endo of EZRA
[2025-12-03T15:56:50.598Z] Found book: NEHEMIAH
[2025-12-03T15:56:50.598Z] Found chapter: 1
[2025-12-03T15:56:50.598Z] Found chapter: 2
[2025-12-03T15:56:50.599Z] Found chapter: 3
[2025-12-03T15:56:50.599Z] Found chapter: 4
[2025-12-03T15:56:50.599Z] Found chapter: 5
[2025-12-03T15:56:50.600Z] Found chapter: 6
[2025-12-03T15:56:50.600Z] Found chapter: 8
[2025-12-03T15:56:50.600Z] Found chapter: 9
[2025-12-03T15:56:50.601Z] Found chapter: 10
[2025-12-03T15:56:50.601Z] Found chapter: 11
[2025-12-03T15:56:50.601Z] Found chapter: 12
[2025-12-03T15:56:50.602Z] Found chapter: 13
[2025-12-03T15:56:50.602Z] Found book: End of NEHEMIAH
[2025-12-03T15:56:50.602Z] Found book: ESTHER
[2025-12-03T15:56:50.602Z] Found chapter: 1
[2025-12-03T15:56:50.603Z] Found chapter: 2
[2025-12-03T15:56:50.603Z] Found chapter: 3
[2025-12-03T15:56:50.603Z] Found chapter: 4
[2025-12-03T15:56:50.604Z] Found chapter: 5
[2025-12-03T15:56:50.604Z] Found chapter: 6
[2025-12-03T15:56:50.604Z] Found chapter: 7
[2025-12-03T15:56:50.605Z] Found chapter: 8
[2025-12-03T15:56:50.605Z] Found chapter: 9
[2025-12-03T15:56:50.605Z] Found chapter: 10
[2025-12-03T15:56:50.605Z] Found book: End of ESTHER
[2025-12-03T15:56:50.606Z] Found book: JOB
[2025-12-03T15:56:50.606Z] Found chapter: 1
[2025-12-03T15:56:50.606Z] Found chapter: 2
[2025-12-03T15:56:50.607Z] Found chapter: 3
[2025-12-03T15:56:50.607Z] Found chapter: 4
[2025-12-03T15:56:50.607Z] Found chapter: 5
[2025-12-03T15:56:50.608Z] Found chapter: 6
[2025-12-03T15:56:50.608Z] Found chapter: 7
[2025-12-03T15:56:50.608Z] Found chapter: 8
[2025-12-03T15:56:50.609Z] Found chapter: 9
[2025-12-03T15:56:50.609Z] Found chapter: 10
[2025-12-03T15:56:50.609Z] Found chapter: 11
[2025-12-03T15:56:50.609Z] Found chapter: 12
[2025-12-03T15:56:50.610Z] Found chapter: 13
[2025-12-03T15:56:50.610Z] Found chapter: 14
[2025-12-03T15:56:50.611Z] Found chapter: 15
[2025-12-03T15:56:50.611Z] Found chapter: 16
[2025-12-03T15:56:50.611Z] Found chapter: 17
[2025-12-03T15:56:50.612Z] Found chapter: 18
[2025-12-03T15:56:50.612Z] Found chapter: 19
[2025-12-03T15:56:50.612Z] Found chapter: 20
[2025-12-03T15:56:50.613Z] Found chapter: 21
[2025-12-03T15:56:50.613Z] Found chapter: 22
[2025-12-03T15:56:50.613Z] Found chapter: 23
[2025-12-03T15:56:50.614Z] Found chapter: 24
[2025-12-03T15:56:50.614Z] Found chapter: 25
[2025-12-03T15:56:50.614Z] Found chapter: 26
[2025-12-03T15:56:50.615Z] Found chapter: 27
[2025-12-03T15:56:50.615Z] Found chapter: 28
[2025-12-03T15:56:50.615Z] Found chapter: 29
[2025-12-03T15:56:50.616Z] Found chapter: 30
[2025-12-03T15:56:50.616Z] Found chapter: 31
[2025-12-03T15:56:50.616Z] Found chapter: 32
[2025-12-03T15:56:50.617Z] Found chapter: 33
[2025-12-03T15:56:50.617Z] Found chapter: 34
[2025-12-03T15:56:50.617Z] Found chapter: 35
[2025-12-03T15:56:50.618Z] Found chapter: 36
[2025-12-03T15:56:50.618Z] Found chapter: 37
[2025-12-03T15:56:50.618Z] Found chapter: 38
[2025-12-03T15:56:50.619Z] Found chapter: 39
[2025-12-03T15:56:50.619Z] Found chapter: 40
[2025-12-03T15:56:50.619Z] Found chapter: 41
[2025-12-03T15:56:50.619Z] Found chapter: 42
[2025-12-03T15:56:50.620Z] Found book: End of JOB
[2025-12-03T15:56:50.620Z] Found book: PSALMS
[2025-12-03T15:56:50.620Z] Found chapter: 1
[2025-12-03T15:56:50.621Z] Found chapter: 2
[2025-12-03T15:56:50.621Z] Found chapter: 3
[2025-12-03T15:56:50.621Z] Found chapter: 4
[2025-12-03T15:56:50.622Z] Found chapter: 5
[2025-12-03T15:56:50.622Z] Found chapter: 6
[2025-12-03T15:56:50.622Z] Found chapter: 7
[2025-12-03T15:56:50.623Z] Found chapter: 8
[2025-12-03T15:56:50.623Z] Found chapter: 9
[2025-12-03T15:56:50.623Z] Found chapter: 10
[2025-12-03T15:56:50.624Z] Found chapter: 11
[2025-12-03T15:56:50.624Z] Found chapter: 12
[2025-12-03T15:56:50.624Z] Found chapter: 13
[2025-12-03T15:56:50.625Z] Found chapter: 14
[2025-12-03T15:56:50.625Z] Found chapter: 15
[2025-12-03T15:56:50.625Z] Found chapter: 16
[2025-12-03T15:56:50.626Z] Found chapter: 17
[2025-12-03T15:56:50.626Z] Found chapter: 18
[2025-12-03T15:56:50.626Z] Found chapter: 19
[2025-12-03T15:56:50.627Z] Found chapter: 20
[2025-12-03T15:56:50.627Z] Found chapter: 21
[2025-12-03T15:56:50.627Z] Found chapter: 22
[2025-12-03T15:56:50.628Z] Found chapter: 23
[2025-12-03T15:56:50.628Z] Found chapter: 24
[2025-12-03T15:56:50.628Z] Found chapter: 25
[2025-12-03T15:56:50.629Z] Found chapter: 26
[2025-12-03T15:56:50.629Z] Found chapter: 27
[2025-12-03T15:56:50.630Z] Found chapter: 28
[2025-12-03T15:56:50.630Z] Found chapter: 29
[2025-12-03T15:56:50.630Z] Found chapter: 30
[2025-12-03T15:56:50.631Z] Found chapter: 31
[2025-12-03T15:56:50.631Z] Found chapter: 32
[2025-12-03T15:56:50.631Z] Found chapter: 33
[2025-12-03T15:56:50.632Z] Found chapter: 34
[2025-12-03T15:56:50.632Z] Found chapter: 35
[2025-12-03T15:56:50.632Z] Found chapter: 36
[2025-12-03T15:56:50.633Z] Found chapter: 37
[2025-12-03T15:56:50.633Z] Found chapter: 38
[2025-12-03T15:56:50.633Z] Found chapter: 39
[2025-12-03T15:56:50.634Z] Found chapter: 40
[2025-12-03T15:56:50.635Z] Found chapter: 41
[2025-12-03T15:56:50.635Z] Found chapter: 42
[2025-12-03T15:56:50.635Z] Found chapter: 43
[2025-12-03T15:56:50.636Z] Found chapter: 44
[2025-12-03T15:56:50.636Z] Found chapter: 45
[2025-12-03T15:56:50.636Z] Found chapter: 46
[2025-12-03T15:56:50.637Z] Found chapter: 47
[2025-12-03T15:56:50.637Z] Found chapter: 48
[2025-12-03T15:56:50.637Z] Found chapter: 49
[2025-12-03T15:56:50.638Z] Found chapter: 50
[2025-12-03T15:56:50.638Z] Found chapter: 51
[2025-12-03T15:56:50.638Z] Found chapter: 52
[2025-12-03T15:56:50.639Z] Found chapter: 53
[2025-12-03T15:56:50.639Z] Found chapter: 54
[2025-12-03T15:56:50.639Z] Found chapter: 55
[2025-12-03T15:56:50.640Z] Found chapter: 56
[2025-12-03T15:56:50.640Z] Found chapter: 57
[2025-12-03T15:56:50.640Z] Found chapter: 58
[2025-12-03T15:56:50.641Z] Found chapter: 59
[2025-12-03T15:56:50.641Z] Found chapter: 60
[2025-12-03T15:56:50.641Z] Found chapter: 61
[2025-12-03T15:56:50.642Z] Found chapter: 62
[2025-12-03T15:56:50.642Z] Found chapter: 63
[2025-12-03T15:56:50.642Z] Found chapter: 64
[2025-12-03T15:56:50.643Z] Found chapter: 65
[2025-12-03T15:56:50.643Z] Found chapter: 66
[2025-12-03T15:56:50.643Z] Found chapter: 67
[2025-12-03T15:56:50.644Z] Found chapter: 68
[2025-12-03T15:56:50.644Z] Found chapter: 69
[2025-12-03T15:56:50.644Z] Found chapter: 70
[2025-12-03T15:56:50.644Z] Found chapter: 71
[2025-12-03T15:56:50.645Z] Found chapter: 72
[2025-12-03T15:56:50.645Z] Found chapter: 73
[2025-12-03T15:56:50.646Z] Found chapter: 74
[2025-12-03T15:56:50.646Z] Found chapter: 75
[2025-12-03T15:56:50.646Z] Found chapter: 76
[2025-12-03T15:56:50.647Z] Found chapter: 77
[2025-12-03T15:56:50.647Z] Found chapter: 78
[2025-12-03T15:56:50.647Z] Found chapter: 79
[2025-12-03T15:56:50.647Z] Found chapter: 80
[2025-12-03T15:56:50.648Z] Found chapter: 81
[2025-12-03T15:56:50.648Z] Found chapter: 82
[2025-12-03T15:56:50.648Z] Found chapter: 83
[2025-12-03T15:56:50.649Z] Found chapter: 84
[2025-12-03T15:56:50.649Z] Found chapter: 85
[2025-12-03T15:56:50.649Z] Found chapter: 86
[2025-12-03T15:56:50.650Z] Found chapter: 87
[2025-12-03T15:56:50.650Z] Found chapter: 88
[2025-12-03T15:56:50.650Z] Found chapter: 89
[2025-12-03T15:56:50.651Z] Found chapter: 90
[2025-12-03T15:56:50.651Z] Found chapter: 91
[2025-12-03T15:56:50.651Z] Found chapter: 92
[2025-12-03T15:56:50.652Z] Found chapter: 93
[2025-12-03T15:56:50.652Z] Found chapter: 94
[2025-12-03T15:56:50.652Z] Found chapter: 95
[2025-12-03T15:56:50.652Z] Found chapter: 96
[2025-12-03T15:56:50.653Z] Found chapter: 97
[2025-12-03T15:56:50.653Z] Found chapter: 98
[2025-12-03T15:56:50.653Z] Found chapter: 99
[2025-12-03T15:56:50.654Z] Found chapter: 100
[2025-12-03T15:56:50.654Z] Found chapter: 101
[2025-12-03T15:56:50.654Z] Found chapter: 102
[2025-12-03T15:56:50.655Z] Found chapter: 103
[2025-12-03T15:56:50.655Z] Found chapter: 104
[2025-12-03T15:56:50.655Z] Found chapter: 105
[2025-12-03T15:56:50.656Z] Found chapter: 106
[2025-12-03T15:56:50.656Z] Found chapter: 107
[2025-12-03T15:56:50.656Z] Found chapter: 108
[2025-12-03T15:56:50.657Z] Found chapter: 109
[2025-12-03T15:56:50.657Z] Found chapter: 110
[2025-12-03T15:56:50.657Z] Found chapter: 111
[2025-12-03T15:56:50.657Z] Found chapter: 112
[2025-12-03T15:56:50.658Z] Found chapter: 113
[2025-12-03T15:56:50.658Z] Found chapter: 114
[2025-12-03T15:56:50.658Z] Found chapter: 115
[2025-12-03T15:56:50.659Z] Found chapter: 116
[2025-12-03T15:56:50.659Z] Found chapter: 117
[2025-12-03T15:56:50.659Z] Found chapter: 118
[2025-12-03T15:56:50.660Z] Found chapter: 119
[2025-12-03T15:56:50.660Z] Found chapter: 120
[2025-12-03T15:56:50.660Z] Found chapter: 121
[2025-12-03T15:56:50.661Z] Found chapter: 122
[2025-12-03T15:56:50.661Z] Found chapter: 123
[2025-12-03T15:56:50.661Z] Found chapter: 124
[2025-12-03T15:56:50.662Z] Found chapter: 125
[2025-12-03T15:56:50.662Z] Found chapter: 126
[2025-12-03T15:56:50.662Z] Found chapter: 127
[2025-12-03T15:56:50.663Z] Found chapter: 128
[2025-12-03T15:56:50.663Z] Found chapter: 129
[2025-12-03T15:56:50.664Z] Found chapter: 130
[2025-12-03T15:56:50.664Z] Found chapter: 131
[2025-12-03T15:56:50.664Z] Found chapter: 132
[2025-12-03T15:56:50.664Z] Found chapter: 133
[2025-12-03T15:56:50.665Z] Found chapter: 134
[2025-12-03T15:56:50.665Z] Found chapter: 135
[2025-12-03T15:56:50.665Z] Found chapter: 136
[2025-12-03T15:56:50.666Z] Found chapter: 137
[2025-12-03T15:56:50.666Z] Found chapter: 138
[2025-12-03T15:56:50.666Z] Found chapter: 139
[2025-12-03T15:56:50.667Z] Found chapter: 140
[2025-12-03T15:56:50.667Z] Found chapter: 141
[2025-12-03T15:56:50.667Z] Found chapter: 142
[2025-12-03T15:56:50.668Z] Found chapter: 143
[2025-12-03T15:56:50.668Z] Found chapter: 144
[2025-12-03T15:56:50.668Z] Found chapter: 145
[2025-12-03T15:56:50.668Z] Found chapter: 146
[2025-12-03T15:56:50.669Z] Found chapter: 147
[2025-12-03T15:56:50.669Z] Found chapter: 148
[2025-12-03T15:56:50.669Z] Found chapter: 149
[2025-12-03T15:56:50.670Z] Found chapter: 150
[2025-12-03T15:56:50.670Z] Found book: End of PSALMS
[2025-12-03T15:56:50.670Z] Found book: PSALMS
[2025-12-03T15:56:50.670Z] Found chapter: 1
[2025-12-03T15:56:50.671Z] Found chapter: 2
[2025-12-03T15:56:50.671Z] Found chapter: 3
[2025-12-03T15:56:50.671Z] Found chapter: 4
[2025-12-03T15:56:50.672Z] Found chapter: 5
[2025-12-03T15:56:50.672Z] Found chapter: 6
[2025-12-03T15:56:50.673Z] Found chapter: 7
[2025-12-03T15:56:50.673Z] Found chapter: 8
[2025-12-03T15:56:50.673Z] Found chapter: 9
[2025-12-03T15:56:50.673Z] Found chapter: 10
[2025-12-03T15:56:50.674Z] Found chapter: 11
[2025-12-03T15:56:50.674Z] Found chapter: 12
[2025-12-03T15:56:50.674Z] Found chapter: 13
[2025-12-03T15:56:50.675Z] Found chapter: 14
[2025-12-03T15:56:50.675Z] Found chapter: 15
[2025-12-03T15:56:50.675Z] Found chapter: 16
[2025-12-03T15:56:50.676Z] Found chapter: 17
[2025-12-03T15:56:50.676Z] Found chapter: 18
[2025-12-03T15:56:50.676Z] Found chapter: 19
[2025-12-03T15:56:50.677Z] Found chapter: 20
[2025-12-03T15:56:50.677Z] Found chapter: 21
[2025-12-03T15:56:50.677Z] Found chapter: 22
[2025-12-03T15:56:50.678Z] Found chapter: 23
[2025-12-03T15:56:50.678Z] Found chapter: 24
[2025-12-03T15:56:50.678Z] Found chapter: 25
[2025-12-03T15:56:50.679Z] Found chapter: 26
[2025-12-03T15:56:50.679Z] Found chapter: 27
[2025-12-03T15:56:50.679Z] Found chapter: 28
[2025-12-03T15:56:50.680Z] Found chapter: 29
[2025-12-03T15:56:50.680Z] Found chapter: 30
[2025-12-03T15:56:50.680Z] Found chapter: 31
[2025-12-03T15:56:50.681Z] Found book: End of PSALMS
[2025-12-03T15:56:50.681Z] Found book: ECCLESIASTES
[2025-12-03T15:56:50.681Z] Found chapter: 1
[2025-12-03T15:56:50.682Z] Found chapter: 2
[2025-12-03T15:56:50.682Z] Found chapter: 3
[2025-12-03T15:56:50.682Z] Found chapter: 4
[2025-12-03T15:56:50.683Z] Found chapter: 5
[2025-12-03T15:56:50.683Z] Found chapter: 6
[2025-12-03T15:56:50.683Z] Found chapter: 7
[2025-12-03T15:56:50.684Z] Found chapter: 8
[2025-12-03T15:56:50.684Z] Found chapter: 9
[2025-12-03T15:56:50.684Z] Found chapter: 10
[2025-12-03T15:56:50.684Z] Found chapter: 11
[2025-12-03T15:56:50.685Z] Found chapter: 12
[2025-12-03T15:56:50.685Z] Found book: End of ECCLESIASTES
[2025-12-03T15:56:50.685Z] Found book: SONG OF SOLOMON
[2025-12-03T15:56:50.686Z] Found chapter: 1
[2025-12-03T15:56:50.686Z] Found chapter: 2
[2025-12-03T15:56:50.686Z] Found chapter: 3
[2025-12-03T15:56:50.686Z] Found chapter: 4
[2025-12-03T15:56:50.687Z] Found chapter: 5
[2025-12-03T15:56:50.687Z] Found chapter: 6
[2025-12-03T15:56:50.687Z] Found chapter: 7
[2025-12-03T15:56:50.688Z] Found chapter: 8
[2025-12-03T15:56:50.688Z] Found book: End of SONG OF SOLOMON
[2025-12-03T15:56:50.688Z] Found book: ISAIAH
[2025-12-03T15:56:50.689Z] Found chapter: 1
[2025-12-03T15:56:50.689Z] Found chapter: 2
[2025-12-03T15:56:50.689Z] Found chapter: 3
[2025-12-03T15:56:50.690Z] Found chapter: 4
[2025-12-03T15:56:50.690Z] Found chapter: 5
[2025-12-03T15:56:50.691Z] Found chapter: 6
[2025-12-03T15:56:50.692Z] Found chapter: 7
[2025-12-03T15:56:50.692Z] Found chapter: 8
[2025-12-03T15:56:50.692Z] Found chapter: 9
[2025-12-03T15:56:50.693Z] Found chapter: 10
[2025-12-03T15:56:50.693Z] Found chapter: 11
[2025-12-03T15:56:50.693Z] Found chapter: 12
[2025-12-03T15:56:50.694Z] Found chapter: 13
[2025-12-03T15:56:50.694Z] Found chapter: 14
[2025-12-03T15:56:50.694Z] Found chapter: 15
[2025-12-03T15:56:50.695Z] Found chapter: 16
[2025-12-03T15:56:50.695Z] Found chapter: 17
[2025-12-03T15:56:50.696Z] Found chapter: 18
[2025-12-03T15:56:50.696Z] Found chapter: 19
[2025-12-03T15:56:50.696Z] Found chapter: 20
[2025-12-03T15:56:50.697Z] Found chapter: 21
[2025-12-03T15:56:50.697Z] Found chapter: 22
[2025-12-03T15:56:50.697Z] Found chapter: 23
[2025-12-03T15:56:50.697Z] Found chapter: 24
[2025-12-03T15:56:50.698Z] Found chapter: 25
[2025-12-03T15:56:50.698Z] Found chapter: 26
[2025-12-03T15:56:50.698Z] Found chapter: 27
[2025-12-03T15:56:50.699Z] Found chapter: 28
[2025-12-03T15:56:50.699Z] Found chapter: 29
[2025-12-03T15:56:50.699Z] Found chapter: 30
[2025-12-03T15:56:50.700Z] Found chapter: 31
[2025-12-03T15:56:50.700Z] Found chapter: 32
[2025-12-03T15:56:50.700Z] Found chapter: 33
[2025-12-03T15:56:50.701Z] Found chapter: 34
[2025-12-03T15:56:50.701Z] Found chapter: 35
[2025-12-03T15:56:50.701Z] Found chapter: 36
[2025-12-03T15:56:50.702Z] Found chapter: 37
[2025-12-03T15:56:50.702Z] Found chapter: 38
[2025-12-03T15:56:50.702Z] Found chapter: 39
[2025-12-03T15:56:50.703Z] Found chapter: 40
[2025-12-03T15:56:50.703Z] Found chapter: 41
[2025-12-03T15:56:50.703Z] Found chapter: 42
[2025-12-03T15:56:50.704Z] Found chapter: 43
[2025-12-03T15:56:50.704Z] Found chapter: 44
[2025-12-03T15:56:50.704Z] Found chapter: 45
[2025-12-03T15:56:50.705Z] Found chapter: 46
[2025-12-03T15:56:50.705Z] Found chapter: 47
[2025-12-03T15:56:50.705Z] Found chapter: 48
[2025-12-03T15:56:50.705Z] Found chapter: 49
[2025-12-03T15:56:50.706Z] Found chapter: 50
[2025-12-03T15:56:50.706Z] Found chapter: 51
[2025-12-03T15:56:50.706Z] Found chapter: 52
[2025-12-03T15:56:50.707Z] Found chapter: 53
[2025-12-03T15:56:50.707Z] Found chapter: 54
[2025-12-03T15:56:50.707Z] Found chapter: 55
[2025-12-03T15:56:50.708Z] Found chapter: 56
[2025-12-03T15:56:50.708Z] Found chapter: 57
[2025-12-03T15:56:50.708Z] Found chapter: 58
[2025-12-03T15:56:50.708Z] Found chapter: 59
[2025-12-03T15:56:50.709Z] Found chapter: 60
[2025-12-03T15:56:50.709Z] Found chapter: 61
[2025-12-03T15:56:50.709Z] Found chapter: 62
[2025-12-03T15:56:50.710Z] Found chapter: 63
[2025-12-03T15:56:50.710Z] Found chapter: 64
[2025-12-03T15:56:50.710Z] Found chapter: 65
[2025-12-03T15:56:50.711Z] Found chapter: 66
[2025-12-03T15:56:50.711Z] Found book: End of ISAIAH
[2025-12-03T15:56:50.711Z] Found book: JEREMIAH
[2025-12-03T15:56:50.712Z] Found chapter: 1
[2025-12-03T15:56:50.712Z] Found chapter: 2
[2025-12-03T15:56:50.712Z] Found chapter: 3
[2025-12-03T15:56:50.713Z] Found chapter: 4
[2025-12-03T15:56:50.713Z] Found chapter: 5
[2025-12-03T15:56:50.713Z] Found chapter: 6
[2025-12-03T15:56:50.714Z] Found chapter: 7
[2025-12-03T15:56:50.714Z] Found chapter: 8
[2025-12-03T15:56:50.714Z] Found chapter: 9
[2025-12-03T15:56:50.715Z] Found chapter: 10
[2025-12-03T15:56:50.715Z] Found chapter: 11
[2025-12-03T15:56:50.715Z] Found chapter: 12
[2025-12-03T15:56:50.716Z] Found chapter: 13
[2025-12-03T15:56:50.716Z] Found chapter: 14
[2025-12-03T15:56:50.716Z] Found chapter: 15
[2025-12-03T15:56:50.717Z] Found chapter: 16
[2025-12-03T15:56:50.717Z] Found chapter: 17
[2025-12-03T15:56:50.717Z] Found chapter: 18
[2025-12-03T15:56:50.718Z] Found chapter: 19
[2025-12-03T15:56:50.718Z] Found chapter: 20
[2025-12-03T15:56:50.718Z] Found chapter: 21
[2025-12-03T15:56:50.719Z] Found chapter: 22
[2025-12-03T15:56:50.719Z] Found chapter: 23
[2025-12-03T15:56:50.719Z] Found chapter: 24
[2025-12-03T15:56:50.720Z] Found chapter: 25
[2025-12-03T15:56:50.720Z] Found chapter: 26
[2025-12-03T15:56:50.720Z] Found chapter: 27
[2025-12-03T15:56:50.721Z] Found chapter: 28
[2025-12-03T15:56:50.721Z] Found chapter: 29
[2025-12-03T15:56:50.721Z] Found chapter: 30
[2025-12-03T15:56:50.722Z] Found chapter: 31
[2025-12-03T15:56:50.722Z] Found chapter: 32
[2025-12-03T15:56:50.722Z] Found chapter: 33
[2025-12-03T15:56:50.722Z] Found chapter: 34
[2025-12-03T15:56:50.723Z] Found chapter: 35
[2025-12-03T15:56:50.723Z] Found chapter: 36
[2025-12-03T15:56:50.723Z] Found chapter: 37
[2025-12-03T15:56:50.724Z] Found chapter: 38
[2025-12-03T15:56:50.724Z] Found chapter: 39
[2025-12-03T15:56:50.724Z] Found chapter: 40
[2025-12-03T15:56:50.724Z] Found chapter: 41
[2025-12-03T15:56:50.725Z] Found chapter: 42
[2025-12-03T15:56:50.725Z] Found chapter: 43
[2025-12-03T15:56:50.725Z] Found chapter: 44
[2025-12-03T15:56:50.726Z] Found chapter: 45
[2025-12-03T15:56:50.726Z] Found chapter: 46
[2025-12-03T15:56:50.726Z] Found chapter: 47
[2025-12-03T15:56:50.727Z] Found chapter: 48
[2025-12-03T15:56:50.727Z] Found chapter: 49
[2025-12-03T15:56:50.727Z] Found chapter: 50
[2025-12-03T15:56:50.728Z] Found chapter: 51
[2025-12-03T15:56:50.728Z] Found chapter: 52
[2025-12-03T15:56:50.729Z] Found book: End of JEREMIAH
[2025-12-03T15:56:50.729Z] Found book: LAMENTATIONS
[2025-12-03T15:56:50.729Z] Found chapter: 1
[2025-12-03T15:56:50.729Z] Found chapter: 2
[2025-12-03T15:56:50.730Z] Found chapter: 3
[2025-12-03T15:56:50.730Z] Found chapter: 4
[2025-12-03T15:56:50.730Z] Found chapter: 5
[2025-12-03T15:56:50.731Z] Found book: End of LAMENTATIONS
[2025-12-03T15:56:50.731Z] Found book: EZEKIEL
[2025-12-03T15:56:50.731Z] Found chapter: 1
[2025-12-03T15:56:50.732Z] Found chapter: 2
[2025-12-03T15:56:50.732Z] Found chapter: 3
[2025-12-03T15:56:50.732Z] Found chapter: 4
[2025-12-03T15:56:50.733Z] Found chapter: 5
[2025-12-03T15:56:50.733Z] Found chapter: 6
[2025-12-03T15:56:50.733Z] Found chapter: 7
[2025-12-03T15:56:50.734Z] Found chapter: 8
[2025-12-03T15:56:50.734Z] Found chapter: 9
[2025-12-03T15:56:50.734Z] Found chapter: 10
[2025-12-03T15:56:50.735Z] Found chapter: 11
[2025-12-03T15:56:50.735Z] Found chapter: 12
[2025-12-03T15:56:50.735Z] Found chapter: 13
[2025-12-03T15:56:50.736Z] Found chapter: 14
[2025-12-03T15:56:50.736Z] Found chapter: 15
[2025-12-03T15:56:50.736Z] Found chapter: 16
[2025-12-03T15:56:50.737Z] Found chapter: 17
[2025-12-03T15:56:50.737Z] Found chapter: 18
[2025-12-03T15:56:50.737Z] Found chapter: 19
[2025-12-03T15:56:50.737Z] Found chapter: 20
[2025-12-03T15:56:50.738Z] Found chapter: 21
[2025-12-03T15:56:50.738Z] Found chapter: 22
[2025-12-03T15:56:50.738Z] Found chapter: 23
[2025-12-03T15:56:50.739Z] Found chapter: 24
[2025-12-03T15:56:50.739Z] Found chapter: 25
[2025-12-03T15:56:50.739Z] Found chapter: 26
[2025-12-03T15:56:50.740Z] Found chapter: 27
[2025-12-03T15:56:50.740Z] Found chapter: 28
[2025-12-03T15:56:50.740Z] Found chapter: 29
[2025-12-03T15:56:50.741Z] Found chapter: 30
[2025-12-03T15:56:50.741Z] Found chapter: 31
[2025-12-03T15:56:50.741Z] Found chapter: 32
[2025-12-03T15:56:50.742Z] Found chapter: 33
[2025-12-03T15:56:50.742Z] Found chapter: 34
[2025-12-03T15:56:50.742Z] Found chapter: 35
[2025-12-03T15:56:50.743Z] Found chapter: 36
[2025-12-03T15:56:50.743Z] Found chapter: 37
[2025-12-03T15:56:50.743Z] Found chapter: 38
[2025-12-03T15:56:50.744Z] Found chapter: 39
[2025-12-03T15:56:50.744Z] Found chapter: 40
[2025-12-03T15:56:50.744Z] Found chapter: 41
[2025-12-03T15:56:50.745Z] Found chapter: 42
[2025-12-03T15:56:50.745Z] Found chapter: 43
[2025-12-03T15:56:50.745Z] Found chapter: 44
[2025-12-03T15:56:50.746Z] Found chapter: 45
[2025-12-03T15:56:50.746Z] Found chapter: 46
[2025-12-03T15:56:50.746Z] Found chapter: 47
[2025-12-03T15:56:50.747Z] Found chapter: 48
[2025-12-03T15:56:50.747Z] Found book: End of EZEKIEL
[2025-12-03T15:56:50.747Z] Found book: DANIEL
[2025-12-03T15:56:50.747Z] Found chapter: 1
[2025-12-03T15:56:50.748Z] Found chapter: 2
[2025-12-03T15:56:50.748Z] Found chapter: 3
[2025-12-03T15:56:50.748Z] Found chapter: 4
[2025-12-03T15:56:50.749Z] Found chapter: 5
[2025-12-03T15:56:50.749Z] Found chapter: 6
[2025-12-03T15:56:50.749Z] Found chapter: 7
[2025-12-03T15:56:50.750Z] Found chapter: 8
[2025-12-03T15:56:50.750Z] Found chapter: 9
[2025-12-03T15:56:50.750Z] Found chapter: 10
[2025-12-03T15:56:50.751Z] Found chapter: 11
[2025-12-03T15:56:50.751Z] Found chapter: 12
[2025-12-03T15:56:50.751Z] Found book: End of DANIEL
[2025-12-03T15:56:50.752Z] Found book: HOSEA
[2025-12-03T15:56:50.752Z] Found chapter: 1
[2025-12-03T15:56:50.752Z] Found chapter: 2
[2025-12-03T15:56:50.753Z] Found chapter: 3
[2025-12-03T15:56:50.753Z] Found chapter: 4
[2025-12-03T15:56:50.753Z] Found chapter: 5
[2025-12-03T15:56:50.754Z] Found chapter: 6
[2025-12-03T15:56:50.754Z] Found chapter: 7
[2025-12-03T15:56:50.754Z] Found chapter: 8
[2025-12-03T15:56:50.754Z] Found chapter: 9
[2025-12-03T15:56:50.755Z] Found chapter: 10
[2025-12-03T15:56:50.755Z] Found chapter: 11
[2025-12-03T15:56:50.755Z] Found chapter: 12
[2025-12-03T15:56:50.756Z] Found chapter: 13
[2025-12-03T15:56:50.756Z] Found chapter: 14
[2025-12-03T15:56:50.756Z] Found chapter: 1
[2025-12-03T15:56:50.757Z] Found chapter: 2
[2025-12-03T15:56:50.757Z] Found chapter: 3
[2025-12-03T15:56:50.757Z] Found book: End of HOSEA
[2025-12-03T15:56:50.758Z] Found book: AMOS
[2025-12-03T15:56:50.758Z] Found chapter: 1
[2025-12-03T15:56:50.758Z] Found chapter: 2
[2025-12-03T15:56:50.759Z] Found chapter: 3
[2025-12-03T15:56:50.759Z] Found chapter: 4
[2025-12-03T15:56:50.759Z] Found chapter: 5
[2025-12-03T15:56:50.760Z] Found chapter: 6
[2025-12-03T15:56:50.760Z] Found chapter: 7
[2025-12-03T15:56:50.760Z] Found chapter: 8
[2025-12-03T15:56:50.761Z] Found chapter: 9
[2025-12-03T15:56:50.761Z] Found chapter: 1
[2025-12-03T15:56:50.761Z] Found book: End of AMOS
[2025-12-03T15:56:50.762Z] Found book: JONAH
[2025-12-03T15:56:50.762Z] Found chapter: 1
[2025-12-03T15:56:50.762Z] Found chapter: 2
[2025-12-03T15:56:50.763Z] Found chapter: 3
[2025-12-03T15:56:50.763Z] Found chapter: 4
[2025-12-03T15:56:50.763Z] Found book: End of JONAH
[2025-12-03T15:56:50.764Z] Found book: MICAH
[2025-12-03T15:56:50.764Z] Found chapter: 1
[2025-12-03T15:56:50.764Z] Found chapter: 2
[2025-12-03T15:56:50.765Z] Found chapter: 3
[2025-12-03T15:56:50.765Z] Found chapter: 4
[2025-12-03T15:56:50.765Z] Found chapter: 5
[2025-12-03T15:56:50.766Z] Found chapter: 6
[2025-12-03T15:56:50.766Z] Found chapter: 7
[2025-12-03T15:56:50.767Z] Found book: End of MICAH
[2025-12-03T15:56:50.767Z] Found book: NAHUM
[2025-12-03T15:56:50.767Z] Found chapter: 1
[2025-12-03T15:56:50.768Z] Found chapter: 2
[2025-12-03T15:56:50.768Z] Found chapter: 3
[2025-12-03T15:56:50.768Z] Found book: End of NAHUM
[2025-12-03T15:56:50.768Z] Found book: HABAKKUK
[2025-12-03T15:56:50.769Z] Found chapter: 1
[2025-12-03T15:56:50.769Z] Found chapter: 2
[2025-12-03T15:56:50.769Z] Found chapter: 3
[2025-12-03T15:56:50.770Z] Found book: End of HABAKKUK
[2025-12-03T15:56:50.770Z] Found book: ZEPHANIAH
[2025-12-03T15:56:50.770Z] Found chapter: 1
[2025-12-03T15:56:50.771Z] Found chapter: 2
[2025-12-03T15:56:50.771Z] Found chapter: 3
[2025-12-03T15:56:50.771Z] Found book: End of ZEPHANIAH
[2025-12-03T15:56:50.772Z] Found book: HAGGAI
[2025-12-03T15:56:50.772Z] Found chapter: 1
[2025-12-03T15:56:50.772Z] Found chapter: 2
[2025-12-03T15:56:50.773Z] Found book: End of HAGGAI
[2025-12-03T15:56:50.773Z] Found book: ZECHARIAH
[2025-12-03T15:56:50.773Z] Found chapter: 1
[2025-12-03T15:56:50.773Z] Found chapter: 2
[2025-12-03T15:56:50.774Z] Found chapter: 3
[2025-12-03T15:56:50.774Z] Found chapter: 4
[2025-12-03T15:56:50.774Z] Found chapter: 5
[2025-12-03T15:56:50.775Z] Found chapter: 6
[2025-12-03T15:56:50.775Z] Found chapter: 7
[2025-12-03T15:56:50.775Z] Found chapter: 8
[2025-12-03T15:56:50.776Z] Found chapter: 9
[2025-12-03T15:56:50.776Z] Found chapter: 10
[2025-12-03T15:56:50.776Z] Found chapter: 11
[2025-12-03T15:56:50.777Z] Found chapter: 12
[2025-12-03T15:56:50.777Z] Found chapter: 13
[2025-12-03T15:56:50.777Z] Found chapter: 14
[2025-12-03T15:56:50.778Z] Found book: End of ZECHARIAH
[2025-12-03T15:56:50.778Z] Found book: MALACHI
[2025-12-03T15:56:50.778Z] Found chapter: 1
[2025-12-03T15:56:50.779Z] Found chapter: 2
[2025-12-03T15:56:50.779Z] Found chapter: 3
[2025-12-03T15:56:50.780Z] Found chapter: 4
[2025-12-03T15:56:50.780Z] Found book: End of MALACHI
[2025-12-03T15:56:50.780Z] Found book: MATTHEW
[2025-12-03T15:56:50.781Z] Found chapter: 1
[2025-12-03T15:56:50.781Z] Found chapter: 2
[2025-12-03T15:56:50.781Z] Found chapter: 3
[2025-12-03T15:56:50.782Z] Found chapter: 4
[2025-12-03T15:56:50.782Z] Found chapter: 5
[2025-12-03T15:56:50.782Z] Found chapter: 6
[2025-12-03T15:56:50.783Z] Found chapter: 7
[2025-12-03T15:56:50.783Z] Found chapter: 8
[2025-12-03T15:56:50.783Z] Found chapter: 9
[2025-12-03T15:56:50.784Z] Found chapter: 10
[2025-12-03T15:56:50.784Z] Found chapter: 11
[2025-12-03T15:56:50.784Z] Found chapter: 12
[2025-12-03T15:56:50.785Z] Found chapter: 13
[2025-12-03T15:56:50.785Z] Found chapter: 14
[2025-12-03T15:56:50.785Z] Found chapter: 15
[2025-12-03T15:56:50.785Z] Found chapter: 16
[2025-12-03T15:56:50.786Z] Found chapter: 17
[2025-12-03T15:56:50.786Z] Found chapter: 18
[2025-12-03T15:56:50.786Z] Found chapter: 19
[2025-12-03T15:56:50.787Z] Found chapter: 20
[2025-12-03T15:56:50.787Z] Found chapter: 21
[2025-12-03T15:56:50.787Z] Found chapter: 22
[2025-12-03T15:56:50.788Z] Found chapter: 23
[2025-12-03T15:56:50.788Z] Found chapter: 24
[2025-12-03T15:56:50.788Z] Found chapter: 25
[2025-12-03T15:56:50.789Z] Found chapter: 26
[2025-12-03T15:56:50.789Z] Found chapter: 27
[2025-12-03T15:56:50.789Z] Found chapter: 28
[2025-12-03T15:56:50.790Z] Found book: End of MATTHEW
[2025-12-03T15:56:50.790Z] Found book: MARK
[2025-12-03T15:56:50.790Z] Found chapter: 1
[2025-12-03T15:56:50.791Z] Found chapter: 2
[2025-12-03T15:56:50.791Z] Found chapter: 3
[2025-12-03T15:56:50.791Z] Found chapter: 4
[2025-12-03T15:56:50.792Z] Found chapter: 5
[2025-12-03T15:56:50.792Z] Found chapter: 6
[2025-12-03T15:56:50.792Z] Found chapter: 7
[2025-12-03T15:56:50.792Z] Found chapter: 8
[2025-12-03T15:56:50.793Z] Found chapter: 9
[2025-12-03T15:56:50.793Z] Found chapter: 10
[2025-12-03T15:56:50.793Z] Found chapter: 11
[2025-12-03T15:56:50.794Z] Found chapter: 12
[2025-12-03T15:56:50.794Z] Found chapter: 13
[2025-12-03T15:56:50.794Z] Found chapter: 14
[2025-12-03T15:56:50.795Z] Found chapter: 15
[2025-12-03T15:56:50.795Z] Found chapter: 16
[2025-12-03T15:56:50.795Z] Found book: End of MARK
[2025-12-03T15:56:50.796Z] Found book: LUKE
[2025-12-03T15:56:50.796Z] Found chapter: 1
[2025-12-03T15:56:50.796Z] Found chapter: 2
[2025-12-03T15:56:50.797Z] Found chapter: 3
[2025-12-03T15:56:50.797Z] Found chapter: 4
[2025-12-03T15:56:50.797Z] Found chapter: 5
[2025-12-03T15:56:50.798Z] Found chapter: 6
[2025-12-03T15:56:50.798Z] Found chapter: 7
[2025-12-03T15:56:50.798Z] Found chapter: 8
[2025-12-03T15:56:50.799Z] Found chapter: 9
[2025-12-03T15:56:50.799Z] Found chapter: 10
[2025-12-03T15:56:50.799Z] Found chapter: 11
[2025-12-03T15:56:50.800Z] Found chapter: 12
[2025-12-03T15:56:50.800Z] Found chapter: 13
[2025-12-03T15:56:50.800Z] Found chapter: 14
[2025-12-03T15:56:50.801Z] Found chapter: 15
[2025-12-03T15:56:50.801Z] Found chapter: 16
[2025-12-03T15:56:50.801Z] Found chapter: 17
[2025-12-03T15:56:50.802Z] Found chapter: 18
[2025-12-03T15:56:50.802Z] Found chapter: 19
[2025-12-03T15:56:50.802Z] Found chapter: 20
[2025-12-03T15:56:50.803Z] Found chapter: 21
[2025-12-03T15:56:50.803Z] Found chapter: 22
[2025-12-03T15:56:50.803Z] Found chapter: 23
[2025-12-03T15:56:50.803Z] Found chapter: 24
[2025-12-03T15:56:50.804Z] Found book: End of LUKE
[2025-12-03T15:56:50.804Z] Found book: JOHN
[2025-12-03T15:56:50.804Z] Found chapter: 1
[2025-12-03T15:56:50.805Z] Found chapter: 2
[2025-12-03T15:56:50.805Z] Found chapter: 3
[2025-12-03T15:56:50.805Z] Found chapter: 4
[2025-12-03T15:56:50.806Z] Found chapter: 5
[2025-12-03T15:56:50.806Z] Found chapter: 6
[2025-12-03T15:56:50.806Z] Found chapter: 7
[2025-12-03T15:56:50.807Z] Found chapter: 8
[2025-12-03T15:56:50.807Z] Found chapter: 9
[2025-12-03T15:56:50.807Z] Found chapter: 10
[2025-12-03T15:56:50.808Z] Found chapter: 11
[2025-12-03T15:56:50.808Z] Found chapter: 12
[2025-12-03T15:56:50.808Z] Found chapter: 13
[2025-12-03T15:56:50.809Z] Found chapter: 14
[2025-12-03T15:56:50.809Z] Found chapter: 15
[2025-12-03T15:56:50.809Z] Found chapter: 16
[2025-12-03T15:56:50.809Z] Found chapter: 17
[2025-12-03T15:56:50.810Z] Found chapter: 18
[2025-12-03T15:56:50.810Z] Found chapter: 19
[2025-12-03T15:56:50.810Z] Found chapter: 20
[2025-12-03T15:56:50.811Z] Found chapter: 21
[2025-12-03T15:56:50.811Z] Found book: End of JOHN
[2025-12-03T15:56:50.811Z] Found book: ACTS
[2025-12-03T15:56:50.812Z] Found chapter: 1
[2025-12-03T15:56:50.812Z] Found chapter: 2
[2025-12-03T15:56:50.813Z] Found chapter: 3
[2025-12-03T15:56:50.813Z] Found chapter: 4
[2025-12-03T15:56:50.813Z] Found chapter: 5
[2025-12-03T15:56:50.814Z] Found chapter: 6
[2025-12-03T15:56:50.814Z] Found chapter: 7
[2025-12-03T15:56:50.814Z] Found chapter: 8
[2025-12-03T15:56:50.815Z] Found chapter: 9
[2025-12-03T15:56:50.815Z] Found chapter: 10
[2025-12-03T15:56:50.815Z] Found chapter: 11
[2025-12-03T15:56:50.816Z] Found chapter: 12
[2025-12-03T15:56:50.816Z] Found chapter: 13
[2025-12-03T15:56:50.816Z] Found chapter: 14
[2025-12-03T15:56:50.817Z] Found chapter: 15
[2025-12-03T15:56:50.817Z] Found chapter: 16
[2025-12-03T15:56:50.817Z] Found chapter: 17
[2025-12-03T15:56:50.818Z] Found chapter: 18
[2025-12-03T15:56:50.818Z] Found chapter: 19
[2025-12-03T15:56:50.818Z] Found chapter: 20
[2025-12-03T15:56:50.818Z] Found chapter: 21
[2025-12-03T15:56:50.819Z] Found chapter: 22
[2025-12-03T15:56:50.819Z] Found chapter: 23
[2025-12-03T15:56:50.819Z] Found chapter: 24
[2025-12-03T15:56:50.820Z] Found chapter: 25
[2025-12-03T15:56:50.820Z] Found chapter: 26
[2025-12-03T15:56:50.820Z] Found chapter: 27
[2025-12-03T15:56:50.821Z] Found chapter: 28
[2025-12-03T15:56:50.821Z] Found book: End of ACTS
[2025-12-03T15:56:50.821Z] Found book: ROMANS
[2025-12-03T15:56:50.822Z] Found chapter: 1
[2025-12-03T15:56:50.822Z] Found chapter: 2
[2025-12-03T15:56:50.822Z] Found chapter: 3
[2025-12-03T15:56:50.822Z] Found chapter: 4
[2025-12-03T15:56:50.823Z] Found chapter: 5
[2025-12-03T15:56:50.823Z] Found chapter: 6
[2025-12-03T15:56:50.823Z] Found chapter: 7
[2025-12-03T15:56:50.824Z] Found chapter: 8
[2025-12-03T15:56:50.824Z] Found chapter: 9
[2025-12-03T15:56:50.824Z] Found chapter: 10
[2025-12-03T15:56:50.825Z] Found chapter: 11
[2025-12-03T15:56:50.825Z] Found chapter: 12
[2025-12-03T15:56:50.825Z] Found chapter: 13
[2025-12-03T15:56:50.826Z] Found chapter: 14
[2025-12-03T15:56:50.826Z] Found chapter: 15
[2025-12-03T15:56:50.826Z] Found chapter: 16
[2025-12-03T15:56:50.827Z] Found book: End of ROMANS
[2025-12-03T15:56:50.827Z] Found book: 1 CORINTHIANS
[2025-12-03T15:56:50.827Z] Found chapter: 1
[2025-12-03T15:56:50.828Z] Found chapter: 2
[2025-12-03T15:56:50.828Z] Found chapter: 3
[2025-12-03T15:56:50.828Z] Found chapter: 4
[2025-12-03T15:56:50.829Z] Found chapter: 5
[2025-12-03T15:56:50.829Z] Found chapter: 6
[2025-12-03T15:56:50.829Z] Found chapter: 7
[2025-12-03T15:56:50.830Z] Found chapter: 8
[2025-12-03T15:56:50.830Z] Found chapter: 9
[2025-12-03T15:56:50.830Z] Found chapter: 10
[2025-12-03T15:56:50.831Z] Found chapter: 11
[2025-12-03T15:56:50.831Z] Found chapter: 12
[2025-12-03T15:56:50.832Z] Found chapter: 13
[2025-12-03T15:56:50.832Z] Found chapter: 14
[2025-12-03T15:56:50.832Z] Found chapter: 15
[2025-12-03T15:56:50.833Z] Found chapter: 16
[2025-12-03T15:56:50.833Z] Found book: End of 1 CORINTHIANS
[2025-12-03T15:56:50.833Z] Found book: 2 CORINTHIANS
[2025-12-03T15:56:50.833Z] Found chapter: 1
[2025-12-03T15:56:50.834Z] Found chapter: 2
[2025-12-03T15:56:50.834Z] Found chapter: 3
[2025-12-03T15:56:50.834Z] Found chapter: 4
[2025-12-03T15:56:50.835Z] Found chapter: 5
[2025-12-03T15:56:50.835Z] Found chapter: 6
[2025-12-03T15:56:50.835Z] Found chapter: 7
[2025-12-03T15:56:50.836Z] Found chapter: 8
[2025-12-03T15:56:50.836Z] Found chapter: 9
[2025-12-03T15:56:50.836Z] Found chapter: 10
[2025-12-03T15:56:50.837Z] Found chapter: 11
[2025-12-03T15:56:50.837Z] Found chapter: 12
[2025-12-03T15:56:50.837Z] Found chapter: 13
[2025-12-03T15:56:50.837Z] Found book: End of 2 CORINTHIANS
[2025-12-03T15:56:50.838Z] Found book: GALATIANS
[2025-12-03T15:56:50.838Z] Found chapter: 1
[2025-12-03T15:56:50.838Z] Found chapter: 2
[2025-12-03T15:56:50.839Z] Found chapter: 3
[2025-12-03T15:56:50.839Z] Found chapter: 4
[2025-12-03T15:56:50.839Z] Found chapter: 5
[2025-12-03T15:56:50.840Z] Found chapter: 6
[2025-12-03T15:56:50.840Z] Found book: End of GALATIANS
[2025-12-03T15:56:50.840Z] Found book: EPHESIANS
[2025-12-03T15:56:50.841Z] Found chapter: 1
[2025-12-03T15:56:50.841Z] Found chapter: 2
[2025-12-03T15:56:50.841Z] Found chapter: 3
[2025-12-03T15:56:50.842Z] Found chapter: 4
[2025-12-03T15:56:50.842Z] Found chapter: 5
[2025-12-03T15:56:50.843Z] Found chapter: 6
[2025-12-03T15:56:50.843Z] Found book: End of EPHESIANS
[2025-12-03T15:56:50.843Z] Found book: PHILIPPIANS
[2025-12-03T15:56:50.843Z] Found chapter: 1
[2025-12-03T15:56:50.845Z] Found chapter: 2
[2025-12-03T15:56:50.846Z] Found chapter: 3
[2025-12-03T15:56:50.846Z] Found chapter: 4
[2025-12-03T15:56:50.846Z] Found book: End of PHILIPPIANS
[2025-12-03T15:56:50.847Z] Found book: COLOSSIANS
[2025-12-03T15:56:50.847Z] Found chapter: 1
[2025-12-03T15:56:50.848Z] Found chapter: 2
[2025-12-03T15:56:50.848Z] Found chapter: 3
[2025-12-03T15:56:50.848Z] Found chapter: 4
[2025-12-03T15:56:50.849Z] Found book: End of COLOSSIANS
[2025-12-03T15:56:50.849Z] Found book: 1 THESSALONIANS
[2025-12-03T15:56:50.849Z] Found chapter: 1
[2025-12-03T15:56:50.850Z] Found chapter: 2
[2025-12-03T15:56:50.850Z] Found chapter: 3
[2025-12-03T15:56:50.850Z] Found chapter: 4
[2025-12-03T15:56:50.851Z] Found chapter: 5
[2025-12-03T15:56:50.851Z] Found book: End of 1 THESSALONIANS
[2025-12-03T15:56:50.851Z] Found book: 2 THESSALONIANS
[2025-12-03T15:56:50.851Z] Found chapter: 1
[2025-12-03T15:56:50.852Z] Found chapter: 2
[2025-12-03T15:56:50.852Z] Found chapter: 3
[2025-12-03T15:56:50.852Z] Found book: End of 2 THESSALONIANS
[2025-12-03T15:56:50.853Z] Found book: 1 TIMOTHY
[2025-12-03T15:56:50.853Z] Found chapter: 1
[2025-12-03T15:56:50.853Z] Found chapter: 2
[2025-12-03T15:56:50.853Z] Found chapter: 3
[2025-12-03T15:56:50.854Z] Found chapter: 4
[2025-12-03T15:56:50.854Z] Found chapter: 5
[2025-12-03T15:56:50.854Z] Found chapter: 6
[2025-12-03T15:56:50.855Z] Found book: End of 1 TIMOTHY
[2025-12-03T15:56:50.855Z] Found book: 2 TIMOTHY
[2025-12-03T15:56:50.855Z] Found chapter: 1
[2025-12-03T15:56:50.856Z] Found chapter: 2
[2025-12-03T15:56:50.856Z] Found chapter: 3
[2025-12-03T15:56:50.856Z] Found chapter: 4
[2025-12-03T15:56:50.857Z] Found book: End of 2 TIMOTHY
[2025-12-03T15:56:50.857Z] Found book: TITUS
[2025-12-03T15:56:50.857Z] Found chapter: 1
[2025-12-03T15:56:50.857Z] Found chapter: 2
[2025-12-03T15:56:50.858Z] Found chapter: 3
[2025-12-03T15:56:50.858Z] Found book: End of TITUS
[2025-12-03T15:56:50.859Z] Found book: PHILEMON
[2025-12-03T15:56:50.859Z] Found chapter: 1
[2025-12-03T15:56:50.859Z] Found book: End of PHILEMON
[2025-12-03T15:56:50.859Z] Found book: HEBREWS
[2025-12-03T15:56:50.860Z] Found chapter: 1
[2025-12-03T15:56:50.860Z] Found chapter: 2
[2025-12-03T15:56:50.860Z] Found chapter: 3
[2025-12-03T15:56:50.861Z] Found chapter: 4
[2025-12-03T15:56:50.861Z] Found chapter: 5
[2025-12-03T15:56:50.861Z] Found chapter: 6
[2025-12-03T15:56:50.862Z] Found chapter: 7
[2025-12-03T15:56:50.862Z] Found chapter: 8
[2025-12-03T15:56:50.863Z] Found chapter: 9
[2025-12-03T15:56:50.863Z] Found chapter: 10
[2025-12-03T15:56:50.863Z] Found chapter: 11
[2025-12-03T15:56:50.864Z] Found chapter: 12
[2025-12-03T15:56:50.864Z] Found chapter: 13
[2025-12-03T15:56:50.864Z] Found book: End of HEBREWS
[2025-12-03T15:56:50.864Z] Found book: JAMES
[2025-12-03T15:56:50.865Z] Found chapter: 1
[2025-12-03T15:56:50.865Z] Found chapter: 2
[2025-12-03T15:56:50.865Z] Found chapter: 3
[2025-12-03T15:56:50.866Z] Found chapter: 4
[2025-12-03T15:56:50.866Z] Found chapter: 5
[2025-12-03T15:56:50.866Z] Found book: End of JAMES
[2025-12-03T15:56:50.867Z] Found book: 1 PETER
[2025-12-03T15:56:50.867Z] Found chapter: 1
[2025-12-03T15:56:50.867Z] Found chapter: 2
[2025-12-03T15:56:50.867Z] Found chapter: 3
[2025-12-03T15:56:50.868Z] Found chapter: 4
[2025-12-03T15:56:50.868Z] Found chapter: 5
[2025-12-03T15:56:50.868Z] Found book: End of 1 PETER
[2025-12-03T15:56:50.869Z] Found book: 2 PETER
[2025-12-03T15:56:50.869Z] Found chapter: 1
[2025-12-03T15:56:50.869Z] Found chapter: 2
[2025-12-03T15:56:50.870Z] Found chapter: 3
[2025-12-03T15:56:50.870Z] Found book: End of 2 PETER
[2025-12-03T15:56:50.870Z] Found book: 1 JOHN
[2025-12-03T15:56:50.870Z] Found chapter: 1
[2025-12-03T15:56:50.871Z] Found chapter: 2
[2025-12-03T15:56:50.871Z] Found chapter: 3
[2025-12-03T15:56:50.871Z] Found chapter: 4
[2025-12-03T15:56:50.872Z] Found chapter: 5
[2025-12-03T15:56:50.872Z] Found book: End of 1 JOHN
[2025-12-03T15:56:50.872Z] Found book: 2 JOHN
[2025-12-03T15:56:50.873Z] Found chapter: 1
[2025-12-03T15:56:50.873Z] Found book: End of 2 JOHN
[2025-12-03T15:56:50.873Z] Found book: 3 JOHN
[2025-12-03T15:56:50.874Z] Found chapter: 1
[2025-12-03T15:56:50.874Z] Found book: End of 3 JOHN
[2025-12-03T15:56:50.874Z] Found book: JUDE
[2025-12-03T15:56:50.875Z] Found chapter: 1
[2025-12-03T15:56:50.875Z] Found book: End of JUDE
[2025-12-03T15:56:50.875Z] Found book: REVELATION
[2025-12-03T15:56:50.875Z] Found chapter: 1
[2025-12-03T15:56:50.876Z] Found chapter: 2
[2025-12-03T15:56:50.876Z] Found chapter: 3
[2025-12-03T15:56:50.876Z] Found chapter: 4
[2025-12-03T15:56:50.877Z] Found chapter: 5
[2025-12-03T15:56:50.877Z] Found chapter: 6
[2025-12-03T15:56:50.877Z] Found chapter: 7
[2025-12-03T15:56:50.878Z] Found chapter: 8
[2025-12-03T15:56:50.878Z] Found chapter: 9
[2025-12-03T15:56:50.878Z] Found chapter: 10
[2025-12-03T15:56:50.879Z] Found chapter: 11
[2025-12-03T15:56:50.879Z] Found chapter: 12
[2025-12-03T15:56:50.879Z] Found chapter: 13
[2025-12-03T15:56:50.880Z] Found chapter: 14
[2025-12-03T15:56:50.880Z] Found chapter: 15
[2025-12-03T15:56:50.880Z] Found chapter: 16
[2025-12-03T15:56:50.880Z] Found chapter: 17
[2025-12-03T15:56:50.881Z] Found chapter: 18
[2025-12-03T15:56:50.881Z] Found chapter: 19
[2025-12-03T15:56:50.881Z] Found chapter: 20
[2025-12-03T15:56:50.882Z] Found chapter: 21
[2025-12-03T15:56:50.882Z] Found chapter: 22
[2025-12-03T15:56:50.882Z] Found book: End of REVELATION
[2025-12-03T15:56:50.883Z] Cleanup complete. Processed 12982 lines.
[2025-12-03T15:56:50.884Z] Writing cleaned content to: C:\WindSurf\ohbc_website\scripts\NASB1995_cleaned_v3.txt
[2025-12-03T15:56:50.894Z] 
Cleanup Statistics:
[2025-12-03T15:56:50.894Z] - Original file: 32472 lines
[2025-12-03T15:56:50.895Z] - Cleaned file: 26937 lines
[2025-12-03T15:56:50.895Z] - Difference: 5535 lines removed
[2025-12-03T15:56:50.895Z] 
Sample of cleaned content:
[2025-12-03T15:56:50.898Z] # GENESIS
Chapter 1
1 In the beginning God created the heavens and the earth.
2 The earth was formless and void, and darkness was over the surface of the deep, and the Spirit of God was moving over the surface of the waters.
3 Then God said, “Let there be light”; and there was light. 4 God saw that the light was good; and God separated the light from the darkness.
5 God called the light day, and the darkness He called night. And there was evening and there was morning, one day.
6 Then God said, “Let there be an expanse in the midst of the waters, and let it separate the waters from the waters.”
7 God made the expanse, and separated the waters which were below the expanse from the waters which were above the expanse; and it was so. 8 God called the expanse heaven. And there was evening and there was morning, a second day.
9 Then God said, “Let the waters below the heavens be gathered into one place, and let the dry land appear”; and it was so. 10 God called the dry land earth, and the gathering of the waters He called seas; and God saw that it was good.
11 Then God said, “Let the earth sprout vegetation, plants yielding seed, and fruit trees on the earth bearing fruit after their kind with seed in them”; and it was so.
12 The earth brought forth vegetation, plants yielding seed after their kind, and trees bearing fruit with seed in them, after their kind; and God saw that it was good.
13 There was evening and there was morning, a third day.
14 Then God said, “Let there be lights in the expanse of the heavens to separate the day from the night, and let them be for signs and for seasons and for days and years;
15 and let them be for lights in the expanse of the heavens to give light on the earth”; and it was so.
16 God made the two great lights, the greater light to govern the day, and the lesser light to govern the night; He made the stars also.
17 God placed them in the expanse of the heavens to give light on the earth,
18 and to govern the day and the night, and to separate the light from the darkness; and God saw that it was good.
19 There was evening and there was morning, a fourth day.
20 Then God said, “Let the waters teem with swarms of living creatures, and let birds fly above the earth in the open expanse of the heavens.”
21 God created the great sea monsters and every living creature that moves, with which the waters swarmed after their kind, and every winged bird after its kind; and God saw that it was good.
[2025-12-03T15:56:50.899Z] 
Cleanup completed successfully!
[2025-12-03T15:56:50.899Z] Debug log saved to: C:\WindSurf\ohbc_website\scripts\cleanup-debug.log
