[2025-12-03T16:02:36.673Z] Starting NASB1995 cleanup (v7)...
[2025-12-03T16:02:36.679Z] Reading input file: C:\WindSurf\ohbc_website\scripts\NASB1995.txt
[2025-12-03T16:02:36.704Z] Read 32472 lines from input file
[2025-12-03T16:02:36.705Z] Processed 1000 of 32472 lines...
[2025-12-03T16:02:36.706Z] Processed 2000 of 32472 lines...
[2025-12-03T16:02:36.707Z] Processed 3000 of 32472 lines...
[2025-12-03T16:02:36.708Z] Processed 4000 of 32472 lines...
[2025-12-03T16:02:36.710Z] Processed 6000 of 32472 lines...
[2025-12-03T16:02:36.711Z] Processed 7000 of 32472 lines...
[2025-12-03T16:02:36.712Z] Processed 8000 of 32472 lines...
[2025-12-03T16:02:36.713Z] Processed 9000 of 32472 lines...
[2025-12-03T16:02:36.715Z] Processed 11000 of 32472 lines...
[2025-12-03T16:02:36.717Z] Processed 12000 of 32472 lines...
[2025-12-03T16:02:36.718Z] Processed 13000 of 32472 lines...
[2025-12-03T16:02:36.718Z] Processed 14000 of 32472 lines...
[2025-12-03T16:02:36.719Z] Processed 15000 of 32472 lines...
[2025-12-03T16:02:36.720Z] Processed 16000 of 32472 lines...
[2025-12-03T16:02:36.720Z] Processed 18000 of 32472 lines...
[2025-12-03T16:02:36.721Z] Processed 19000 of 32472 lines...
[2025-12-03T16:02:36.722Z] Processed 20000 of 32472 lines...
[2025-12-03T16:02:36.722Z] Processed 21000 of 32472 lines...
[2025-12-03T16:02:36.723Z] Processed 22000 of 32472 lines...
[2025-12-03T16:02:36.724Z] Processed 24000 of 32472 lines...
[2025-12-03T16:02:36.725Z] Processed 25000 of 32472 lines...
[2025-12-03T16:02:36.726Z] Processed 26000 of 32472 lines...
[2025-12-03T16:02:36.726Z] Processed 27000 of 32472 lines...
[2025-12-03T16:02:36.729Z] Processed 29000 of 32472 lines...
[2025-12-03T16:02:36.729Z] Processed 30000 of 32472 lines...
[2025-12-03T16:02:36.731Z] Writing 18548 lines to output file...
[2025-12-03T16:02:36.742Z] Cleanup completed successfully!
[2025-12-03T16:02:36.742Z] Output written to: C:\WindSurf\ohbc_website\scripts\NASB1995_cleaned_v7.txt
[2025-12-03T16:02:36.742Z] Debug log: C:\WindSurf\ohbc_website\scripts\cleanup-debug-v7.log
[2025-12-03T16:02:36.743Z] Sample of cleaned content:
{
  "sample": "# GENESIS\nChapter 1\nThe Creation\n1 In the beginning God created the heavens and the earth.\n2 The earth was formless and void, and darkness was over the surface of the deep, and the Spirit of God was moving over the surface of the waters.\n3 Then God said, “Let there be light”; and there was light. 4 God saw that the light was good; and God separated the light from the darkness.\n5 God called the light day, and the darkness He called night. And there was evening and there was morning, one day.\n6 Then God said, “Let there be an expanse in the midst of the waters, and let it separate the waters from the waters.”\n7 God made the expanse, and separated the waters which were below the expanse from the waters which were above the expanse; and it was so. 8 God called the expanse heaven. And there was evening and there was morning, a second day.\n9 Then God said, “Let the waters below the heavens be gathered into one place, and let the dry land appear”; and it was so. 10 God called the dry land earth, and the gathering of the waters He called seas; and God saw that it was good.\n11 Then God said, “Let the earth sprout vegetation, plants yielding seed, and fruit trees on the earth bearing fruit after their kind with seed in them”; and it was so.\n12 The earth brought forth vegetation, plants yielding seed after their kind, and trees bearing fruit with seed in them, after their kind; and God saw that it was good.\n13 There was evening and there was morning, a third day.\n14 Then God said, “Let there be lights in the expanse of the heavens to separate the day from the night, and let them be for signs and for seasons and for days and years;\n15 and let them be for lights in the expanse of the heavens to give light on the earth”; and it was so.\n16 God made the two great lights, the greater light to govern the day, and the lesser light to govern the night; He made the stars also.\n17 God placed them in the expanse of the heavens to give light on the earth,\n18 and to govern the day and the night, and to separate the light from the darkness; and God saw that it was good.\n19 There was evening and there was morning, a fourth day.\n20 Then God said, “Let the waters teem with swarms of living creatures, and let birds fly above the earth in the open expanse of the heavens.”"
}
