[2025-12-03T16:43:23.793Z] Starting NASB1995 text cleaning...
[2025-12-03T16:43:23.798Z] Input file: C:\WindSurf\ohbc_website\scripts\NASB1995.txt
[2025-12-03T16:43:23.798Z] Output file: C:\WindSurf\ohbc_website\scripts\NASB1995_cleaned.txt
[2025-12-03T16:43:23.815Z] Processing 32472 lines...
[2025-12-03T16:43:23.815Z] Found book: GENESIS
[2025-12-03T16:43:23.834Z] Found book: EXODUS
[2025-12-03T16:43:23.838Z] Found book: EXODUS
[2025-12-03T16:43:23.844Z] Found book: LEVITICUS
[2025-12-03T16:43:23.848Z] Found book: NUMBERS
[2025-12-03T16:43:23.853Z] Found book: JOSHUA
[2025-12-03T16:43:23.854Z] Found book: DEUTERONOMY
[2025-12-03T16:43:23.860Z] Found book: JOSHUA
[2025-12-03T16:43:23.861Z] Found book: JOSHUA
[2025-12-03T16:43:23.861Z] Found book: JOSHUA
[2025-12-03T16:43:23.863Z] Found book: JOSHUA
[2025-12-03T16:43:23.865Z] Found book: JOSHUA
[2025-12-03T16:43:23.865Z] Found book: JOSHUA
[2025-12-03T16:43:23.865Z] Found book: JUDGES
[2025-12-03T16:43:23.866Z] Found book: JOSHUA
[2025-12-03T16:43:23.866Z] Found book: JOSHUA
[2025-12-03T16:43:23.869Z] Found book: MICAH
[2025-12-03T16:43:23.870Z] Found book: RUTH
[2025-12-03T16:43:23.870Z] Found book: RUTH
[2025-12-03T16:43:23.870Z] Found book: RUTH
[2025-12-03T16:43:23.870Z] Found book: 1 SAMUEL
[2025-12-03T16:43:23.876Z] Found book: 2 SAMUEL
[2025-12-03T16:43:23.880Z] Found book: 1 KINGS
[2025-12-03T16:43:23.883Z] Found book: OBADIAH
[2025-12-03T16:43:23.885Z] Found book: 2 KINGS
[2025-12-03T16:43:23.887Z] Found book: ZECHARIAH
[2025-12-03T16:43:23.887Z] Found book: ZECHARIAH
[2025-12-03T16:43:23.888Z] Found book: ISAIAH
[2025-12-03T16:43:23.890Z] Found book: 1 CHRONICLES
[2025-12-03T16:43:23.897Z] Found book: 2 CHRONICLES
[2025-12-03T16:43:23.903Z] Found book: EZRA
[2025-12-03T16:43:23.904Z] Found book: EZRA
[2025-12-03T16:43:23.904Z] Found book: EZRA
[2025-12-03T16:43:23.905Z] Found book: NEHEMIAH
[2025-12-03T16:43:23.905Z] Found book: NEHEMIAH
[2025-12-03T16:43:23.905Z] Found book: NEHEMIAH
[2025-12-03T16:43:23.906Z] Found book: NEHEMIAH
[2025-12-03T16:43:23.906Z] Found book: NEHEMIAH
[2025-12-03T16:43:23.908Z] Found book: ESTHER
[2025-12-03T16:43:23.908Z] Found book: ESTHER
[2025-12-03T16:43:23.909Z] Found book: ESTHER
[2025-12-03T16:43:23.909Z] Found book: ESTHER
[2025-12-03T16:43:23.909Z] Found book: ESTHER
[2025-12-03T16:43:23.909Z] Found book: ESTHER
[2025-12-03T16:43:23.910Z] Found book: ESTHER
[2025-12-03T16:43:23.910Z] Found book: JOB
[2025-12-03T16:43:23.910Z] Found book: JOB
[2025-12-03T16:43:23.910Z] Found book: JOB
[2025-12-03T16:43:23.911Z] Found book: JOB
[2025-12-03T16:43:23.912Z] Found book: JOB
[2025-12-03T16:43:23.912Z] Found book: JOB
[2025-12-03T16:43:23.913Z] Found book: JOB
[2025-12-03T16:43:23.913Z] Found book: JOB
[2025-12-03T16:43:23.914Z] Found book: JOB
[2025-12-03T16:43:23.914Z] Found book: JOB
[2025-12-03T16:43:23.914Z] Found book: JOB
[2025-12-03T16:43:23.914Z] Processed 6000 lines...
[2025-12-03T16:43:23.915Z] Found book: JOB
[2025-12-03T16:43:23.915Z] Found book: JOB
[2025-12-03T16:43:23.916Z] Found book: JOB
[2025-12-03T16:43:23.916Z] Found book: JOB
[2025-12-03T16:43:23.916Z] Found book: JOB
[2025-12-03T16:43:23.917Z] Found book: JOB
[2025-12-03T16:43:23.918Z] Found book: JOB
[2025-12-03T16:43:23.918Z] Found book: JOB
[2025-12-03T16:43:23.920Z] Found book: JOB
[2025-12-03T16:43:23.920Z] Found book: JOB
[2025-12-03T16:43:23.920Z] Found book: JOB
[2025-12-03T16:43:23.921Z] Found book: JOB
[2025-12-03T16:43:23.921Z] Found book: JOB
[2025-12-03T16:43:23.921Z] Found book: JOB
[2025-12-03T16:43:23.922Z] Found book: JOB
[2025-12-03T16:43:23.922Z] Found book: JOB
[2025-12-03T16:43:23.926Z] Found book: JOB
[2025-12-03T16:43:23.927Z] Found book: JOB
[2025-12-03T16:43:23.927Z] Found book: PSALMS
[2025-12-03T16:43:23.930Z] Processed 8000 lines...
[2025-12-03T16:43:23.936Z] Processed 9000 lines...
[2025-12-03T16:43:23.964Z] Found book: PSALMS
[2025-12-03T16:43:23.975Z] Found book: ECCLESIASTES
[2025-12-03T16:43:23.977Z] Found book: SONG OF SOLOMON
[2025-12-03T16:43:23.978Z] Processed 16000 lines...
[2025-12-03T16:43:23.979Z] Found book: ISAIAH
[2025-12-03T16:43:23.980Z] Found book: ISAIAH
[2025-12-03T16:43:23.980Z] Found book: ISAIAH
[2025-12-03T16:43:23.984Z] Processed 17000 lines...
[2025-12-03T16:43:23.991Z] Processed 18000 lines...
[2025-12-03T16:43:24.003Z] Found book: JEREMIAH
[2025-12-03T16:43:24.003Z] Found book: JEREMIAH
[2025-12-03T16:43:24.003Z] Processed 20000 lines...
[2025-12-03T16:43:24.007Z] Found book: JEREMIAH
[2025-12-03T16:43:24.008Z] Processed 21000 lines...
[2025-12-03T16:43:24.009Z] Found book: JEREMIAH
[2025-12-03T16:43:24.010Z] Found book: JEREMIAH
[2025-12-03T16:43:24.011Z] Found book: JEREMIAH
[2025-12-03T16:43:24.013Z] Found book: JEREMIAH
[2025-12-03T16:43:24.015Z] Found book: JEREMIAH
[2025-12-03T16:43:24.015Z] Found book: JEREMIAH
[2025-12-03T16:43:24.016Z] Found book: JEREMIAH
[2025-12-03T16:43:24.016Z] Found book: JEREMIAH
[2025-12-03T16:43:24.016Z] Found book: JEREMIAH
[2025-12-03T16:43:24.016Z] Found book: JEREMIAH
[2025-12-03T16:43:24.017Z] Found book: JEREMIAH
[2025-12-03T16:43:24.017Z] Found book: JEREMIAH
[2025-12-03T16:43:24.022Z] Found book: LAMENTATIONS
[2025-12-03T16:43:24.024Z] Found book: JEREMIAH
[2025-12-03T16:43:24.026Z] Found book: EZEKIEL
[2025-12-03T16:43:24.026Z] Found book: EZEKIEL
[2025-12-03T16:43:24.027Z] Found book: EZEKIEL
[2025-12-03T16:43:24.033Z] Found book: DANIEL
[2025-12-03T16:43:24.033Z] Found book: DANIEL
[2025-12-03T16:43:24.034Z] Found book: DANIEL
[2025-12-03T16:43:24.034Z] Found book: DANIEL
[2025-12-03T16:43:24.034Z] Found book: DANIEL
[2025-12-03T16:43:24.035Z] Found book: DANIEL
[2025-12-03T16:43:24.035Z] Found book: DANIEL
[2025-12-03T16:43:24.035Z] Found book: DANIEL
[2025-12-03T16:43:24.036Z] Found book: DANIEL
[2025-12-03T16:43:24.036Z] Found book: DANIEL
[2025-12-03T16:43:24.036Z] Found book: DANIEL
[2025-12-03T16:43:24.037Z] Found book: HOSEA
[2025-12-03T16:43:24.037Z] Found book: HOSEA
[2025-12-03T16:43:24.038Z] Found book: HOSEA
[2025-12-03T16:43:24.040Z] Found book: JOEL
[2025-12-03T16:43:24.041Z] Processed 25000 lines...
[2025-12-03T16:43:24.041Z] Found book: AMOS
[2025-12-03T16:43:24.043Z] Found book: AMOS
[2025-12-03T16:43:24.044Z] Found book: OBADIAH
[2025-12-03T16:43:24.045Z] Found book: JONAH
[2025-12-03T16:43:24.045Z] Found book: JONAH
[2025-12-03T16:43:24.045Z] Found book: JONAH
[2025-12-03T16:43:24.046Z] Found book: JONAH
[2025-12-03T16:43:24.046Z] Found book: MICAH
[2025-12-03T16:43:24.048Z] Processed 26000 lines...
[2025-12-03T16:43:24.048Z] Found book: NAHUM
[2025-12-03T16:43:24.049Z] Found book: HABAKKUK
[2025-12-03T16:43:24.050Z] Found book: ZEPHANIAH
[2025-12-03T16:43:24.051Z] Found book: HAGGAI
[2025-12-03T16:43:24.051Z] Found book: HAGGAI
[2025-12-03T16:43:24.051Z] Found book: ZECHARIAH
[2025-12-03T16:43:24.052Z] Found book: JOSHUA
[2025-12-03T16:43:24.053Z] Found book: MALACHI
[2025-12-03T16:43:24.053Z] Found book: MATTHEW
[2025-12-03T16:43:24.055Z] Found book: MATTHEW
[2025-12-03T16:43:24.055Z] Found book: JOHN
[2025-12-03T16:43:24.056Z] Found book: JOHN
[2025-12-03T16:43:24.058Z] Found book: MARK
[2025-12-03T16:43:24.059Z] Found book: JOHN
[2025-12-03T16:43:24.060Z] Found book: LUKE
[2025-12-03T16:43:24.061Z] Found book: JOHN
[2025-12-03T16:43:24.061Z] Found book: JOHN
[2025-12-03T16:43:24.063Z] Processed 28000 lines...
[2025-12-03T16:43:24.066Z] Found book: JOHN
[2025-12-03T16:43:24.066Z] Found book: JOHN
[2025-12-03T16:43:24.070Z] Found book: ACTS
[2025-12-03T16:43:24.073Z] Found book: JAMES
[2025-12-03T16:43:24.075Z] Found book: ROMANS
[2025-12-03T16:43:24.076Z] Found book: 1 CORINTHIANS
[2025-12-03T16:43:24.078Z] Found book: 2 CORINTHIANS
[2025-12-03T16:43:24.078Z] Found book: GALATIANS
[2025-12-03T16:43:24.079Z] Found book: EPHESIANS
[2025-12-03T16:43:24.080Z] Found book: PHILIPPIANS
[2025-12-03T16:43:24.080Z] Found book: COLOSSIANS
[2025-12-03T16:43:24.081Z] Found book: 1 THESSALONIANS
[2025-12-03T16:43:24.081Z] Found book: 2 THESSALONIANS
[2025-12-03T16:43:24.081Z] Found book: 1 TIMOTHY
[2025-12-03T16:43:24.082Z] Found book: 2 TIMOTHY
[2025-12-03T16:43:24.082Z] Found book: TITUS
[2025-12-03T16:43:24.083Z] Found book: PHILEMON
[2025-12-03T16:43:24.083Z] Found book: PHILEMON
[2025-12-03T16:43:24.083Z] Found book: HEBREWS
[2025-12-03T16:43:24.084Z] Found book: JAMES
[2025-12-03T16:43:24.085Z] Found book: 1 PETER
[2025-12-03T16:43:24.085Z] Found book: 2 PETER
[2025-12-03T16:43:24.086Z] Found book: 1 JOHN
[2025-12-03T16:43:24.086Z] Found book: 2 JOHN
[2025-12-03T16:43:24.087Z] Found book: 3 JOHN
[2025-12-03T16:43:24.087Z] Found book: JUDE
[2025-12-03T16:43:24.087Z] Found book: REVELATION
[2025-12-03T16:43:24.087Z] Processed 30000 lines...
[2025-12-03T16:43:24.090Z] 
=== CLEANING SUMMARY ===
[2025-12-03T16:43:24.090Z] Total lines processed: 30223
[2025-12-03T16:43:24.090Z] Books found: 168
[2025-12-03T16:43:24.090Z] Chapters found: 14037
[2025-12-03T16:43:24.090Z] Verses found: 0
[2025-12-03T16:43:24.090Z] 
Book starts:
{
  "GENESIS": 1,
  "EXODUS": 2,
  "LEVITICUS": 1,
  "NUMBERS": 1,
  "JOSHUA": 10,
  "DEUTERONOMY": 1,
  "JUDGES": 1,
  "MICAH": 2,
  "RUTH": 3,
  "1 SAMUEL": 1,
  "2 SAMUEL": 1,
  "1 KINGS": 1,
  "OBADIAH": 2,
  "2 KINGS": 1,
  "ZECHARIAH": 3,
  "ISAIAH": 4,
  "1 CHRONICLES": 1,
  "2 CHRONICLES": 1,
  "EZRA": 3,
  "NEHEMIAH": 5,
  "ESTHER": 7,
  "JOB": 29,
  "PSALMS": 2,
  "ECCLESIASTES": 1,
  "SONG OF SOLOMON": 1,
  "JEREMIAH": 16,
  "LAMENTATIONS": 1,
  "EZEKIEL": 3,
  "DANIEL": 11,
  "HOSEA": 3,
  "JOEL": 1,
  "AMOS": 2,
  "JONAH": 4,
  "NAHUM": 1,
  "HABAKKUK": 1,
  "ZEPHANIAH": 1,
  "HAGGAI": 2,
  "MALACHI": 1,
  "MATTHEW": 2,
  "JOHN": 7,
  "MARK": 1,
  "LUKE": 1,
  "ACTS": 1,
  "JAMES": 2,
  "ROMANS": 1,
  "1 CORINTHIANS": 1,
  "2 CORINTHIANS": 1,
  "GALATIANS": 1,
  "EPHESIANS": 1,
  "PHILIPPIANS": 1,
  "COLOSSIANS": 1,
  "1 THESSALONIANS": 1,
  "2 THESSALONIANS": 1,
  "1 TIMOTHY": 1,
  "2 TIMOTHY": 1,
  "TITUS": 1,
  "PHILEMON": 2,
  "HEBREWS": 1,
  "1 PETER": 1,
  "2 PETER": 1,
  "1 JOHN": 1,
  "2 JOHN": 1,
  "3 JOHN": 1,
  "JUDE": 1,
  "REVELATION": 1
}
[2025-12-03T16:43:24.091Z] 
Chapter starts (first 10):
[
  [
    "GENESIS 1",
    6
  ],
  [
    "GENESIS 2",
    12
  ],
  [
    "GENESIS 3",
    10
  ],
  [
    "GENESIS 5",
    12
  ],
  [
    "GENESIS 6",
    20
  ],
  [
    "GENESIS 7",
    12
  ],
  [
    "GENESIS 9",
    21
  ],
  [
    "GENESIS 11",
    10
  ],
  [
    "GENESIS 12",
    19
  ],
  [
    "GENESIS 13",
    17
  ]
]
[2025-12-03T16:43:24.091Z] 
Verse patterns:
{}
[2025-12-03T16:43:24.091Z] 
Cleaning complete!
[2025-12-03T16:43:24.091Z] Output written to: C:\WindSurf\ohbc_website\scripts\NASB1995_cleaned.txt
