[2025-12-03T16:50:27.616Z] Database tables created or verified
[2025-12-03T16:50:27.621Z] Books table already populated
[2025-12-03T16:50:27.622Z] Starting import from: C:\WindSurf\ohbc_website\scripts\NASB1995_cleaned_v2.txt
[2025-12-03T16:50:27.625Z] Cleared existing verses from t_nasb1995 table
[2025-12-03T16:50:31.630Z] Processed 1000 lines, imported 999 verses
[2025-12-03T16:50:36.340Z] Processed 2000 lines, imported 1999 verses
[2025-12-03T16:50:40.341Z] Processed 3000 lines, imported 2999 verses
[2025-12-03T16:50:44.021Z] Processed 4000 lines, imported 3999 verses
[2025-12-03T16:50:48.124Z] Processed 5000 lines, imported 4999 verses
[2025-12-03T16:50:52.755Z] Processed 6000 lines, imported 5999 verses
[2025-12-03T16:50:55.630Z] Processed 7000 lines, imported 6999 verses
[2025-12-03T16:50:59.121Z] Processed 8000 lines, imported 7999 verses
[2025-12-03T16:51:02.311Z] Processed 9000 lines, imported 8999 verses
[2025-12-03T16:51:05.930Z] Processed 10000 lines, imported 9999 verses
[2025-12-03T16:51:08.168Z] Processed 11000 lines, imported 10999 verses
[2025-12-03T16:51:11.303Z] Processed 12000 lines, imported 11999 verses
[2025-12-03T16:51:14.167Z] Processed 13000 lines, imported 12999 verses
[2025-12-03T16:51:17.232Z] Processed 14000 lines, imported 13999 verses
[2025-12-03T16:51:17.331Z] Import complete!
[2025-12-03T16:51:17.331Z] Total lines processed: 14037
[2025-12-03T16:51:17.331Z] Verses imported: 14037
[2025-12-03T16:51:17.331Z] Errors encountered: 0
[2025-12-03T16:51:17.332Z] 
=== VERIFICATION ===
[2025-12-03T16:51:17.332Z] Total verses in database: 13554
[2025-12-03T16:51:17.332Z] 
Verses by book:
[2025-12-03T16:51:17.334Z]   GENESIS        :   455
[2025-12-03T16:51:17.334Z]   EXODUS         :   318
[2025-12-03T16:51:17.334Z]   LEVITICUS      :   204
[2025-12-03T16:51:17.334Z]   NUMBERS        :   333
[2025-12-03T16:51:17.334Z]   DEUTERONOMY    :   324
[2025-12-03T16:51:17.334Z]   JOSHUA         :   159
[2025-12-03T16:51:17.334Z]   JUDGES         :   177
[2025-12-03T16:51:17.335Z]   RUTH           :    22
[2025-12-03T16:51:17.335Z]   1 SAMUEL       :   216
[2025-12-03T16:51:17.335Z]   2 SAMUEL       :   233
[2025-12-03T16:51:17.335Z]   1 KINGS        :   211
[2025-12-03T16:51:17.335Z]   2 KINGS        :   207
[2025-12-03T16:51:17.335Z]   1 CHRONICLES   :   206
[2025-12-03T16:51:17.335Z]   2 CHRONICLES   :   242
[2025-12-03T16:51:17.335Z]   EZRA           :    67
[2025-12-03T16:51:17.335Z]   NEHEMIAH       :   115
[2025-12-03T16:51:17.335Z]   ESTHER         :    53
[2025-12-03T16:51:17.335Z]   JOB            :  1072
[2025-12-03T16:51:17.336Z]   PSALMS         :  3075
[2025-12-03T16:51:17.336Z]   PROVERBS       :     0
[2025-12-03T16:51:17.336Z]   ECCLESIASTES   :    97
[2025-12-03T16:51:17.336Z]   SONG OF SOLOMON:   125
[2025-12-03T16:51:17.336Z]   ISAIAH         :  1211
[2025-12-03T16:51:17.336Z]   JEREMIAH       :   817
[2025-12-03T16:51:17.336Z]   LAMENTATIONS   :   159
[2025-12-03T16:51:17.336Z]   EZEKIEL        :   405
[2025-12-03T16:51:17.336Z]   DANIEL         :   118
[2025-12-03T16:51:17.336Z]   HOSEA          :   202
[2025-12-03T16:51:17.337Z]   JOEL           :    72
[2025-12-03T16:51:17.337Z]   AMOS           :   138
[2025-12-03T16:51:17.337Z]   OBADIAH        :    22
[2025-12-03T16:51:17.337Z]   JONAH          :    25
[2025-12-03T16:51:17.337Z]   MICAH          :   112
[2025-12-03T16:51:17.337Z]   NAHUM          :    50
[2025-12-03T16:51:17.337Z]   HABAKKUK       :    59
[2025-12-03T16:51:17.337Z]   ZEPHANIAH      :    55
[2025-12-03T16:51:17.337Z]   HAGGAI         :     8
[2025-12-03T16:51:17.337Z]   ZECHARIAH      :    91
[2025-12-03T16:51:17.337Z]   MALACHI        :    20
[2025-12-03T16:51:17.337Z]   MATTHEW        :   316
[2025-12-03T16:51:17.338Z]   MARK           :   151
[2025-12-03T16:51:17.338Z]   LUKE           :   281
[2025-12-03T16:51:17.338Z]   JOHN           :   176
[2025-12-03T16:51:17.338Z]   ACTS           :   228
[2025-12-03T16:51:17.338Z]   ROMANS         :   126
[2025-12-03T16:51:17.338Z]   1 CORINTHIANS  :   108
[2025-12-03T16:51:17.338Z]   2 CORINTHIANS  :    69
[2025-12-03T16:51:17.338Z]   GALATIANS      :    39
[2025-12-03T16:51:17.338Z]   EPHESIANS      :    33
[2025-12-03T16:51:17.338Z]   PHILIPPIANS    :    26
[2025-12-03T16:51:17.338Z]   COLOSSIANS     :    28
[2025-12-03T16:51:17.339Z]   1 THESSALONIANS:    23
[2025-12-03T16:51:17.339Z]   2 THESSALONIANS:    13
[2025-12-03T16:51:17.339Z]   1 TIMOTHY      :    32
[2025-12-03T16:51:17.339Z]   2 TIMOTHY      :    23
[2025-12-03T16:51:17.339Z]   TITUS          :    16
[2025-12-03T16:51:17.339Z]   PHILEMON       :    10
[2025-12-03T16:51:17.339Z]   HEBREWS        :   111
[2025-12-03T16:51:17.339Z]   JAMES          :    26
[2025-12-03T16:51:17.339Z]   1 PETER        :    33
[2025-12-03T16:51:17.339Z]   2 PETER        :    16
[2025-12-03T16:51:17.339Z]   1 JOHN         :    30
[2025-12-03T16:51:17.339Z]   2 JOHN         :     6
[2025-12-03T16:51:17.340Z]   3 JOHN         :     8
[2025-12-03T16:51:17.340Z]   JUDE           :     8
[2025-12-03T16:51:17.340Z]   REVELATION     :   143
[2025-12-03T16:51:17.340Z] 
WARNING: 1 books have no verses:
[2025-12-03T16:51:17.340Z] PROVERBS
[2025-12-03T16:51:17.340Z] 
Sample verses:
[2025-12-03T16:51:17.340Z] GENESIS 1:1 - "In the beginning God created the heavens and the earth."
[2025-12-03T16:51:17.343Z] PSALMS 23:1 - "The LORD is my shepherd, I shall not want."
[2025-12-03T16:51:17.346Z] MATTHEW 1:1 - "The record of the genealogy of Jesus the Messiah, the son of David, the son of Abraham:"
[2025-12-03T16:51:17.350Z] JOHN 3:16 - "“For God so loved the world, that He gave His only begotten Son, that whoever believes in Him shall not perish, but have eternal life. 17 For God did not send the Son into the world to judge the world, but that the world might be saved through Him. 18 He who believes in Him is not judged; he who does not believe has been judged already, because he has not believed in the name of the only begotten Son of God. 19 This is the judgment, that the Light has come into the world, and men loved the darkness rather than the Light, for their deeds were evil. 20 For everyone who does evil hates the Light, and does not come to the Light for fear that his deeds will be exposed. 21 But he who practices the truth comes to the Light, so that his deeds may be manifested as having been wrought in God.” Johns Last Testimony"
[2025-12-03T16:51:17.353Z] REVELATION 22:21 - "The grace of the Lord Jesus be with all. Amen. # End of REVELATION"
