[2025-12-03T16:27:36.374Z] Starting verification of NASB1995 import...
[2025-12-03T16:27:36.383Z] Total verses in database: 10065
[2025-12-03T16:27:36.385Z] 
Verse counts by book:
[2025-12-03T16:27:36.385Z]   GENESIS             :  360 / 1533 ⚠ (-1173)
[2025-12-03T16:27:36.385Z]   EXODUS              :  241 / 1213 ⚠ (-972)
[2025-12-03T16:27:36.386Z]   LEVITICUS           :  150 /  859 ⚠ (-709)
[2025-12-03T16:27:36.386Z]   NUMBERS             :  268 / 1288 ⚠ (-1020)
[2025-12-03T16:27:36.386Z]   DEUTERONOMY         :  265 /  959 ⚠ (-694)
[2025-12-03T16:27:36.386Z]   JOSHUA              :  113 /  658 ⚠ (-545)
[2025-12-03T16:27:36.386Z]   JUDGES              :  139 /  618 ⚠ (-479)
[2025-12-03T16:27:36.387Z]   RUTH                :   14 /   85 ⚠ (-71)
[2025-12-03T16:27:36.387Z]   EZRA                :   47 /  280 ⚠ (-233)
[2025-12-03T16:27:36.387Z]   NEHEMIAH            :   91 /  406 ⚠ (-315)
[2025-12-03T16:27:36.387Z]   ESTHER              :   33 /  167 ⚠ (-134)
[2025-12-03T16:27:36.387Z]   JOB                 :  988 / 1070 ⚠ (-82)
[2025-12-03T16:27:36.387Z]   PSALMS              : 2807 / 2461 ⚠ (+346)
[2025-12-03T16:27:36.387Z]   ECCLESIASTES        :   73 /  222 ⚠ (-149)
[2025-12-03T16:27:36.387Z]   SONG OF SOLOMON     :  109 /  117 ⚠ (-8)
[2025-12-03T16:27:36.388Z]   ISAIAH              : 1079 / 1292 ⚠ (-213)
[2025-12-03T16:27:36.388Z]   JEREMIAH            :  713 / 1364 ⚠ (-651)
[2025-12-03T16:27:36.388Z]   LAMENTATIONS        :  149 /  154 ⚠ (-5)
[2025-12-03T16:27:36.388Z]   EZEKIEL             :  309 / 1273 ⚠ (-964)
[2025-12-03T16:27:36.388Z]   DANIEL              :   94 /  357 ⚠ (-263)
[2025-12-03T16:27:36.388Z]   HOSEA               :  213 /  197 ⚠ (+16)
[2025-12-03T16:27:36.388Z]   AMOS                :  126 /  146 ⚠ (-20)
[2025-12-03T16:27:36.388Z]   JONAH               :   17 /   48 ⚠ (-31)
[2025-12-03T16:27:36.389Z]   MICAH               :   98 /  105 ⚠ (-7)
[2025-12-03T16:27:36.389Z]   NAHUM               :   44 /   47 ⚠ (-3)
[2025-12-03T16:27:36.389Z]   HABAKKUK            :   53 /   56 ⚠ (-3)
[2025-12-03T16:27:36.389Z]   ZEPHANIAH           :   49 /   53 ⚠ (-4)
[2025-12-03T16:27:36.389Z]   HAGGAI              :    4 /   38 ⚠ (-34)
[2025-12-03T16:27:36.389Z]   ZECHARIAH           :   63 /  211 ⚠ (-148)
[2025-12-03T16:27:36.389Z]   MALACHI             :   12 /   55 ⚠ (-43)
[2025-12-03T16:27:36.389Z]   MATTHEW             :  260 / 1071 ⚠ (-811)
[2025-12-03T16:27:36.390Z]   MARK                :  119 /  678 ⚠ (-559)
[2025-12-03T16:27:36.390Z]   LUKE                :  233 / 1151 ⚠ (-918)
[2025-12-03T16:27:36.390Z]   JOHN                :  156 /  879 ⚠ (-723)
[2025-12-03T16:27:36.390Z]   ACTS                :  172 / 1007 ⚠ (-835)
[2025-12-03T16:27:36.390Z]   ROMANS              :   94 /  433 ⚠ (-339)
[2025-12-03T16:27:36.390Z]   GALATIANS           :   27 /  149 ⚠ (-122)
[2025-12-03T16:27:36.390Z]   EPHESIANS           :   21 /  155 ⚠ (-134)
[2025-12-03T16:27:36.391Z]   PHILIPPIANS         :   18 /  104 ⚠ (-86)
[2025-12-03T16:27:36.391Z]   COLOSSIANS          :   20 /   95 ⚠ (-75)
[2025-12-03T16:27:36.391Z]   TITUS               :   10 /   46 ⚠ (-36)
[2025-12-03T16:27:36.391Z]   PHILEMON            :    8 /   25 ⚠ (-17)
[2025-12-03T16:27:36.391Z]   HEBREWS             :   85 /  303 ⚠ (-218)
[2025-12-03T16:27:36.392Z]   JAMES               :   16 /  108 ⚠ (-92)
[2025-12-03T16:27:36.392Z]   JUDE                :    6 /   25 ⚠ (-19)
[2025-12-03T16:27:36.392Z]   REVELATION          :   99 /  404 ⚠ (-305)
[2025-12-03T16:27:36.392Z] 
Missing or incomplete books:
[2025-12-03T16:27:36.392Z]   GENESIS             : Low count (360 / 1533 verses)
[2025-12-03T16:27:36.392Z]   EXODUS              : Low count (241 / 1213 verses)
[2025-12-03T16:27:36.392Z]   LEVITICUS           : Low count (150 / 859 verses)
[2025-12-03T16:27:36.392Z]   NUMBERS             : Low count (268 / 1288 verses)
[2025-12-03T16:27:36.392Z]   DEUTERONOMY         : Low count (265 / 959 verses)
[2025-12-03T16:27:36.393Z]   JOSHUA              : Low count (113 / 658 verses)
[2025-12-03T16:27:36.393Z]   JUDGES              : Low count (139 / 618 verses)
[2025-12-03T16:27:36.393Z]   RUTH                : Low count (14 / 85 verses)
[2025-12-03T16:27:36.393Z]   1 SAMUEL            : Missing (expected 810 verses)
[2025-12-03T16:27:36.393Z]   2 SAMUEL            : Missing (expected 695 verses)
[2025-12-03T16:27:36.393Z]   1 KINGS             : Missing (expected 816 verses)
[2025-12-03T16:27:36.393Z]   2 KINGS             : Missing (expected 719 verses)
[2025-12-03T16:27:36.393Z]   1 CHRONICLES        : Missing (expected 942 verses)
[2025-12-03T16:27:36.393Z]   2 CHRONICLES        : Missing (expected 822 verses)
[2025-12-03T16:27:36.393Z]   EZRA                : Low count (47 / 280 verses)
[2025-12-03T16:27:36.393Z]   NEHEMIAH            : Low count (91 / 406 verses)
[2025-12-03T16:27:36.394Z]   ESTHER              : Low count (33 / 167 verses)
[2025-12-03T16:27:36.394Z]   PROVERBS            : Missing (expected 915 verses)
[2025-12-03T16:27:36.394Z]   ECCLESIASTES        : Low count (73 / 222 verses)
[2025-12-03T16:27:36.394Z]   ISAIAH              : Low count (1079 / 1292 verses)
[2025-12-03T16:27:36.394Z]   JEREMIAH            : Low count (713 / 1364 verses)
[2025-12-03T16:27:36.394Z]   EZEKIEL             : Low count (309 / 1273 verses)
[2025-12-03T16:27:36.394Z]   DANIEL              : Low count (94 / 357 verses)
[2025-12-03T16:27:36.394Z]   JOEL                : Missing (expected 73 verses)
[2025-12-03T16:27:36.394Z]   AMOS                : Low count (126 / 146 verses)
[2025-12-03T16:27:36.394Z]   OBADIAH             : Missing (expected 21 verses)
[2025-12-03T16:27:36.394Z]   JONAH               : Low count (17 / 48 verses)
[2025-12-03T16:27:36.395Z]   HAGGAI              : Low count (4 / 38 verses)
[2025-12-03T16:27:36.395Z]   ZECHARIAH           : Low count (63 / 211 verses)
[2025-12-03T16:27:36.395Z]   MALACHI             : Low count (12 / 55 verses)
[2025-12-03T16:27:36.395Z]   MATTHEW             : Low count (260 / 1071 verses)
[2025-12-03T16:27:36.395Z]   MARK                : Low count (119 / 678 verses)
[2025-12-03T16:27:36.395Z]   LUKE                : Low count (233 / 1151 verses)
[2025-12-03T16:27:36.395Z]   JOHN                : Low count (156 / 879 verses)
[2025-12-03T16:27:36.395Z]   ACTS                : Low count (172 / 1007 verses)
[2025-12-03T16:27:36.395Z]   ROMANS              : Low count (94 / 433 verses)
[2025-12-03T16:27:36.395Z]   1 CORINTHIANS       : Missing (expected 437 verses)
[2025-12-03T16:27:36.395Z]   2 CORINTHIANS       : Missing (expected 257 verses)
[2025-12-03T16:27:36.396Z]   GALATIANS           : Low count (27 / 149 verses)
[2025-12-03T16:27:36.396Z]   EPHESIANS           : Low count (21 / 155 verses)
[2025-12-03T16:27:36.396Z]   PHILIPPIANS         : Low count (18 / 104 verses)
[2025-12-03T16:27:36.396Z]   COLOSSIANS          : Low count (20 / 95 verses)
[2025-12-03T16:27:36.396Z]   1 THESSALONIANS     : Missing (expected 89 verses)
[2025-12-03T16:27:36.396Z]   2 THESSALONIANS     : Missing (expected 47 verses)
[2025-12-03T16:27:36.396Z]   1 TIMOTHY           : Missing (expected 113 verses)
[2025-12-03T16:27:36.396Z]   2 TIMOTHY           : Missing (expected 83 verses)
[2025-12-03T16:27:36.396Z]   TITUS               : Low count (10 / 46 verses)
[2025-12-03T16:27:36.396Z]   PHILEMON            : Low count (8 / 25 verses)
[2025-12-03T16:27:36.396Z]   HEBREWS             : Low count (85 / 303 verses)
[2025-12-03T16:27:36.396Z]   JAMES               : Low count (16 / 108 verses)
[2025-12-03T16:27:36.397Z]   1 PETER             : Missing (expected 105 verses)
[2025-12-03T16:27:36.397Z]   2 PETER             : Missing (expected 61 verses)
[2025-12-03T16:27:36.397Z]   1 JOHN              : Missing (expected 105 verses)
[2025-12-03T16:27:36.397Z]   2 JOHN              : Missing (expected 13 verses)
[2025-12-03T16:27:36.397Z]   3 JOHN              : Missing (expected 14 verses)
[2025-12-03T16:27:36.397Z]   JUDE                : Low count (6 / 25 verses)
[2025-12-03T16:27:36.397Z]   REVELATION          : Low count (99 / 404 verses)
[2025-12-03T16:27:36.397Z] 
Checking for potential data issues...
[2025-12-03T16:27:36.405Z] 
Sample verses from the database:
[2025-12-03T16:27:36.406Z]   GENESIS 1:1 - "In the beginning God created the heavens and the e..."
[2025-12-03T16:27:36.406Z]   GENESIS 1:5 - "God called the light day, and the darkness He call..."
[2025-12-03T16:27:36.406Z]   REVELATION 22:18 - "I testify to everyone who hears the words of the p..."
[2025-12-03T16:27:36.406Z]   REVELATION 22:20 - "He who testifies to these things says, Yes, I am c..."
[2025-12-03T16:27:36.406Z]   REVELATION 22:21 - "The grace of the Lord Jesus be with all. Amen."
[2025-12-03T16:27:36.407Z] 
Verification complete!
[2025-12-03T16:27:36.407Z] Total verses verified: 10065
